#
# There is insufficient memory for the Java Runtime Environment to continue.
# Native memory allocation (mmap) failed to map 65536 bytes. Error detail: Failed to commit metaspace.
# Possible reasons:
#   The system is out of physical RAM or swap space
#   This process is running with CompressedOops enabled, and the Java Heap may be blocking the growth of the native heap
# Possible solutions:
#   Reduce memory load on the system
#   Increase physical memory or swap space
#   Check if swap backing store is full
#   Decrease Java heap size (-Xmx/-Xms)
#   Decrease number of Java threads
#   Decrease Java thread stack sizes (-Xss)
#   Set larger code cache with -XX:ReservedCodeCacheSize=
#   JVM is running with Unscaled Compressed Oops mode in which the Java heap is
#     placed in the first 4GB address space. The Java Heap base address is the
#     maximum limit for the native heap growth. Please use -XX:HeapBaseMinAddress
#     to set the Java Heap base and to place the Java Heap above 4GB virtual address.
# This output file may be truncated or incomplete.
#
#  Out of Memory Error (virtualSpaceNode.cpp:110), pid=4092, tid=15256
#
# JRE version: OpenJDK Runtime Environment Corretto-17.0.12.7.1 (17.0.12+7) (build 17.0.12+7-LTS)
# Java VM: OpenJDK 64-Bit Server VM Corretto-17.0.12.7.1 (17.0.12+7-LTS, mixed mode, emulated-client, sharing, tiered, compressed oops, compressed class ptrs, g1 gc, windows-amd64)
# No core dump will be written. Minidumps are not enabled by default on client versions of Windows
#

---------------  S U M M A R Y ------------

Command Line: -XX:TieredStopAtLevel=1 -Dspring.output.ansi.enabled=always -Dcom.sun.management.jmxremote -Dspring.jmx.enabled=true -Dspring.liveBeansView.mbeanDomain -Dspring.application.admin.enabled=true -Dmanagement.endpoints.jmx.exposure.include=* -javaagent:C:\Users\railt\AppData\Local\Programs\IntelliJ IDEA Ultimate\lib\idea_rt.jar=60381:C:\Users\railt\AppData\Local\Programs\IntelliJ IDEA Ultimate\bin -Dfile.encoding=UTF-8 com.muxengressos.engresso.EngressoApplication

Host: AMD Ryzen 5 3500U with Radeon Vega Mobile Gfx  , 8 cores, 5G,  Windows 10 , 64 bit Build 19041 (10.0.19041.4957)
Time: Wed Nov 13 10:42:19 2024 Hora oficial do Brasil elapsed time: 5.017390 seconds (0d 0h 0m 5s)

---------------  T H R E A D  ---------------

Current thread (0x00000179a3b96e80):  JavaThread "main" [_thread_in_vm, id=15256, stack(0x0000004754b00000,0x0000004754c00000)]

Stack: [0x0000004754b00000,0x0000004754c00000]
Native frames: (J=compiled Java code, j=interpreted, Vv=VM code, C=native code)
V  [jvm.dll+0x67f4f9]
V  [jvm.dll+0x836eaa]
V  [jvm.dll+0x83896e]
V  [jvm.dll+0x838fd3]
V  [jvm.dll+0x247f6f]
V  [jvm.dll+0x832b5d]
V  [jvm.dll+0x623a6e]
V  [jvm.dll+0x1c1d2b]
V  [jvm.dll+0x6263bd]
V  [jvm.dll+0x624416]
V  [jvm.dll+0x23d790]
V  [jvm.dll+0x1ec7ab]
V  [jvm.dll+0x1e2141]
V  [jvm.dll+0x54429e]
V  [jvm.dll+0x7b0e68]
V  [jvm.dll+0x7b0f54]
V  [jvm.dll+0x4113c5]
V  [jvm.dll+0x417549]
C  [java.dll+0x17ec]

Java frames: (J=compiled Java code, j=interpreted, Vv=VM code)
J 1161  java.lang.ClassLoader.defineClass1(Ljava/lang/ClassLoader;Ljava/lang/String;[BIILjava/security/ProtectionDomain;Ljava/lang/String;)Ljava/lang/Class; java.base@17.0.12 (0 bytes) @ 0x00000179ad2f7be3 [0x00000179ad2f7b20+0x00000000000000c3]
J 1251 c1 java.lang.ClassLoader.defineClass(Ljava/lang/String;[BIILjava/security/ProtectionDomain;)Ljava/lang/Class; java.base@17.0.12 (43 bytes) @ 0x00000179ad31e35c [0x00000179ad31e260+0x00000000000000fc]
J 1173 c1 jdk.internal.loader.BuiltinClassLoader.defineClass(Ljava/lang/String;Ljdk/internal/loader/Resource;)Ljava/lang/Class; java.base@17.0.12 (121 bytes) @ 0x00000179ad304b64 [0x00000179ad3046a0+0x00000000000004c4]
J 1163 c1 jdk.internal.loader.BuiltinClassLoader.findClassOnClassPathOrNull(Ljava/lang/String;)Ljava/lang/Class; java.base@17.0.12 (64 bytes) @ 0x00000179ad2ff8dc [0x00000179ad2ff620+0x00000000000002bc]
J 967 c1 jdk.internal.loader.BuiltinClassLoader.loadClassOrNull(Ljava/lang/String;Z)Ljava/lang/Class; java.base@17.0.12 (143 bytes) @ 0x00000179ad2a225c [0x00000179ad2a1e00+0x000000000000045c]
J 1068 c1 jdk.internal.loader.ClassLoaders$AppClassLoader.loadClass(Ljava/lang/String;Z)Ljava/lang/Class; java.base@17.0.12 (40 bytes) @ 0x00000179ad2d42a4 [0x00000179ad2d4160+0x0000000000000144]
J 1050 c1 java.lang.ClassLoader.loadClass(Ljava/lang/String;)Ljava/lang/Class; java.base@17.0.12 (7 bytes) @ 0x00000179ad2ce064 [0x00000179ad2ce020+0x0000000000000044]
v  ~StubRoutines::call_stub
J 979  java.lang.Class.forName0(Ljava/lang/String;ZLjava/lang/ClassLoader;Ljava/lang/Class;)Ljava/lang/Class; java.base@17.0.12 (0 bytes) @ 0x00000179ad2ab22f [0x00000179ad2ab1a0+0x000000000000008f]
J 980 c1 java.lang.Class.forName(Ljava/lang/String;ZLjava/lang/ClassLoader;)Ljava/lang/Class; java.base@17.0.12 (47 bytes) @ 0x00000179ad2ab7b4 [0x00000179ad2ab6c0+0x00000000000000f4]
J 2440 c1 org.springframework.util.ClassUtils.forName(Ljava/lang/String;Ljava/lang/ClassLoader;)Ljava/lang/Class; (251 bytes) @ 0x00000179ad4f398c [0x00000179ad4f3700+0x000000000000028c]
j  org.springframework.beans.factory.support.AbstractBeanDefinition.resolveBeanClass(Ljava/lang/ClassLoader;)Ljava/lang/Class;+13
j  org.springframework.beans.factory.support.AbstractBeanFactory.doResolveBeanClass(Lorg/springframework/beans/factory/support/RootBeanDefinition;[Ljava/lang/Class;)Ljava/lang/Class;+242
j  org.springframework.beans.factory.support.AbstractBeanFactory.resolveBeanClass(Lorg/springframework/beans/factory/support/RootBeanDefinition;Ljava/lang/String;[Ljava/lang/Class;)Ljava/lang/Class;+15
J 2860 c1 org.springframework.beans.factory.support.AbstractAutowireCapableBeanFactory.determineTargetType(Ljava/lang/String;Lorg/springframework/beans/factory/support/RootBeanDefinition;[Ljava/lang/Class;)Ljava/lang/Class; (83 bytes) @ 0x00000179ad5aae0c [0x00000179ad5aad40+0x00000000000000cc]
J 2859 c1 org.springframework.beans.factory.support.AbstractAutowireCapableBeanFactory.predictBeanType(Ljava/lang/String;Lorg/springframework/beans/factory/support/RootBeanDefinition;[Ljava/lang/Class;)Ljava/lang/Class; (128 bytes) @ 0x00000179ad5ab4a4 [0x00000179ad5ab440+0x0000000000000064]
J 2855 c1 org.springframework.beans.factory.support.AbstractBeanFactory.isFactoryBean(Ljava/lang/String;Lorg/springframework/beans/factory/support/RootBeanDefinition;)Z (62 bytes) @ 0x00000179ad5a90e4 [0x00000179ad5a8f60+0x0000000000000184]
j  org.springframework.beans.factory.support.DefaultListableBeanFactory.doGetBeanNamesForType(Lorg/springframework/core/ResolvableType;ZZ)[Ljava/lang/String;+111
j  org.springframework.beans.factory.support.DefaultListableBeanFactory.getBeanNamesForType(Ljava/lang/Class;ZZ)[Ljava/lang/String;+22
j  org.springframework.boot.autoconfigure.condition.OnBeanCondition.collectBeanNamesForType(Lorg/springframework/beans/factory/ListableBeanFactory;ZLjava/lang/Class;Ljava/util/Set;Ljava/util/Set;)Ljava/util/Set;+6
j  org.springframework.boot.autoconfigure.condition.OnBeanCondition.getBeanNamesForType(Lorg/springframework/beans/factory/ListableBeanFactory;ZLjava/lang/Class;Ljava/util/Set;)Ljava/util/Set;+7
j  org.springframework.boot.autoconfigure.condition.OnBeanCondition.getBeanNamesForType(Ljava/lang/ClassLoader;ZLorg/springframework/beans/factory/ListableBeanFactory;Ljava/lang/String;Ljava/util/Set;)Ljava/util/Set;+11
j  org.springframework.boot.autoconfigure.condition.OnBeanCondition.getMatchingBeans(Lorg/springframework/context/annotation/ConditionContext;Lorg/springframework/boot/autoconfigure/condition/OnBeanCondition$Spec;)Lorg/springframework/boot/autoconfigure/condition/OnBeanCondition$MatchResult;+142
j  org.springframework.boot.autoconfigure.condition.OnBeanCondition.getMatchOutcome(Lorg/springframework/context/annotation/ConditionContext;Lorg/springframework/core/type/AnnotatedTypeMetadata;)Lorg/springframework/boot/autoconfigure/condition/ConditionOutcome;+367
j  org.springframework.boot.autoconfigure.condition.SpringBootCondition.matches(Lorg/springframework/context/annotation/ConditionContext;Lorg/springframework/core/type/AnnotatedTypeMetadata;)Z+8
j  org.springframework.context.annotation.ConditionEvaluator.shouldSkip(Lorg/springframework/core/type/AnnotatedTypeMetadata;Lorg/springframework/context/annotation/ConfigurationCondition$ConfigurationPhase;)Z+241
j  org.springframework.context.annotation.ConfigurationClassBeanDefinitionReader.loadBeanDefinitionsForBeanMethod(Lorg/springframework/context/annotation/BeanMethod;)V+26
j  org.springframework.context.annotation.ConfigurationClassBeanDefinitionReader.loadBeanDefinitionsForConfigurationClass(Lorg/springframework/context/annotation/ConfigurationClass;Lorg/springframework/context/annotation/ConfigurationClassBeanDefinitionReader$TrackedConditionEvaluator;)V+107
j  org.springframework.context.annotation.ConfigurationClassBeanDefinitionReader.loadBeanDefinitions(Ljava/util/Set;)V+40
j  org.springframework.context.annotation.ConfigurationClassPostProcessor.processConfigBeanDefinitions(Lorg/springframework/beans/factory/support/BeanDefinitionRegistry;)V+379
j  org.springframework.context.annotation.ConfigurationClassPostProcessor.postProcessBeanDefinitionRegistry(Lorg/springframework/beans/factory/support/BeanDefinitionRegistry;)V+81
j  org.springframework.context.support.PostProcessorRegistrationDelegate.invokeBeanDefinitionRegistryPostProcessors(Ljava/util/Collection;Lorg/springframework/beans/factory/support/BeanDefinitionRegistry;Lorg/springframework/core/metrics/ApplicationStartup;)V+59
j  org.springframework.context.support.PostProcessorRegistrationDelegate.invokeBeanFactoryPostProcessors(Lorg/springframework/beans/factory/config/ConfigurableListableBeanFactory;Ljava/util/List;)V+238
j  org.springframework.context.support.AbstractApplicationContext.invokeBeanFactoryPostProcessors(Lorg/springframework/beans/factory/config/ConfigurableListableBeanFactory;)V+5
j  org.springframework.context.support.AbstractApplicationContext.refresh()V+62
j  org.springframework.boot.web.servlet.context.ServletWebServerApplicationContext.refresh()V+1
j  org.springframework.boot.SpringApplication.refresh(Lorg/springframework/context/ConfigurableApplicationContext;)V+1
j  org.springframework.boot.SpringApplication.refreshContext(Lorg/springframework/context/ConfigurableApplicationContext;)V+16
j  org.springframework.boot.SpringApplication.run([Ljava/lang/String;)Lorg/springframework/context/ConfigurableApplicationContext;+110
j  org.springframework.boot.SpringApplication.run([Ljava/lang/Class;[Ljava/lang/String;)Lorg/springframework/context/ConfigurableApplicationContext;+9
j  org.springframework.boot.SpringApplication.run(Ljava/lang/Class;[Ljava/lang/String;)Lorg/springframework/context/ConfigurableApplicationContext;+9
j  com.muxengressos.engresso.EngressoApplication.main([Ljava/lang/String;)V+3
v  ~StubRoutines::call_stub

Compiled method (n/a)    5045 1161     n 0       java.lang.ClassLoader::defineClass1 (native)
 total in heap  [0x00000179ad2f7990,0x00000179ad2f7e70] = 1248
 relocation     [0x00000179ad2f7ae8,0x00000179ad2f7b20] = 56
 main code      [0x00000179ad2f7b20,0x00000179ad2f7e70] = 848

[Constant Pool (empty)]

[MachCode]
[Entry Point]
  # {method} {0x00000179b7010f28} 'defineClass1' '(Ljava/lang/ClassLoader;Ljava/lang/String;[BIILjava/security/ProtectionDomain;Ljava/lang/String;)Ljava/lang/Class;' in 'java/lang/ClassLoader'
  # parm0:    rdx:rdx   = 'java/lang/ClassLoader'
  # parm1:    r8:r8     = 'java/lang/String'
  # parm2:    r9:r9     = '[B'
  # parm3:    rdi       = int
  # parm4:    rsi       = int
  # parm5:    rcx:rcx   = 'java/security/ProtectionDomain'
  # parm6:    [sp+0xa0]   = 'java/lang/String'  (sp of caller)
  0x00000179ad2f7b20: 448b 5208 | 49bb 0000 | 00b7 7901 | 0000 4d03 | d349 3bc2 | 0f84 0600 

  0x00000179ad2f7b38: ;   {runtime_call ic_miss_stub}
  0x00000179ad2f7b38: 0000 e941 | 95bf ff90 
[Verified Entry Point]
  0x00000179ad2f7b40: 8984 2400 | 90ff ff55 | 488b ec48 | 81ec 9000 | 0000 4881 | 7d10 0000 | 0000 488d | 4510 480f 
  0x00000179ad2f7b60: 4445 1048 | 8944 2440 | 4889 4c24 | 7048 83f9 | 0048 8d44 | 2470 480f | 4444 2470 | 4889 4424 
  0x00000179ad2f7b80: 3848 8974 | 2430 4889 | 7c24 284c | 894c 2458 | 4983 f900 | 488d 4424 | 5848 0f44 | 4424 5848 
  0x00000179ad2f7ba0: 8944 2420 | 4c89 4424 | 5049 83f8 | 004c 8d4c | 2450 4c0f | 444c 2450 | 4889 5424 | 4848 83fa 
  0x00000179ad2f7bc0: 004c 8d44 | 2448 4c0f | 4444 2448 

  0x00000179ad2f7bcc: ;   {oop(a 'java/lang/Class'{0x00000000a22d2248} = 'java/lang/ClassLoader')}
  0x00000179ad2f7bcc: 49be 4822 | 2da2 0000 | 0000 4c89 | 7424 784c | 8d74 2478 | 498b d6c5 

  0x00000179ad2f7be4: ;   {internal_word}
  0x00000179ad2f7be4: f877 49ba | e37b 2fad | 7901 0000 | 4d89 97a0 | 0200 0049 | 89a7 9802 

  0x00000179ad2f7bfc: ;   {external_word}
  0x00000179ad2f7bfc: 0000 49ba | 39b6 22fc | fe7f 0000 | 4180 3a00 | 0f84 5200 | 0000 5241 

  0x00000179ad2f7c14: ;   {metadata({method} {0x00000179b7010f28} 'defineClass1' '(Ljava/lang/ClassLoader;Ljava/lang/String;[BIILjava/security/ProtectionDomain;Ljava/lang/String;)Ljava/lang/Class;' in 'java/lang/ClassLoader')}
  0x00000179ad2f7c14: 5041 5148 | ba20 0f01 | b779 0100 | 0049 8bcf | 4883 ec20 | f7c4 0f00 | 0000 0f84 | 1a00 0000 
  0x00000179ad2f7c34: 4883 ec08 

  0x00000179ad2f7c38: ;   {runtime_call}
  0x00000179ad2f7c38: 49ba c049 | d8fb fe7f | 0000 41ff | d248 83c4 | 08e9 0d00 

  0x00000179ad2f7c4c: ;   {runtime_call}
  0x00000179ad2f7c4c: 0000 49ba | c049 d8fb | fe7f 0000 | 41ff d248 | 83c4 2041 | 5941 585a | 498d 8fb8 | 0200 0041 
  0x00000179ad2f7c6c: c787 4803 | 0000 0400 

  0x00000179ad2f7c74: ;   {runtime_call}
  0x00000179ad2f7c74: 0000 49ba | ac16 c619 | ff7f 0000 | 41ff d2c5 | f877 41c7 | 8748 0300 | 0005 0000 | 00f0 8344 
  0x00000179ad2f7c94: 24c0 0049 | 3baf 5003 | 0000 0f87 | 1100 0000 | 4181 bf38 | 0300 0000 | 0000 000f | 842c 0000 
  0x00000179ad2f7cb4: 00c5 f877 | 4889 45f8 | 498b cf4c | 8be4 4883 | ec20 4883 

  0x00000179ad2f7cc8: ;   {runtime_call}
  0x00000179ad2f7cc8: e4f0 49ba | 6067 e8fb | fe7f 0000 | 41ff d249 | 8be4 4d33 | e448 8b45 | f841 c787 | 4803 0000 
  0x00000179ad2f7ce8: 0800 0000 | 4181 bfb8 | 0300 0002 | 0000 000f | 843f 0100 

  0x00000179ad2f7cfc: ;   {external_word}
  0x00000179ad2f7cfc: 0049 ba39 | b622 fcfe | 7f00 0041 | 803a 000f | 8450 0000 | 0048 8945 

  0x00000179ad2f7d14: ;   {metadata({method} {0x00000179b7010f28} 'defineClass1' '(Ljava/lang/ClassLoader;Ljava/lang/String;[BIILjava/security/ProtectionDomain;Ljava/lang/String;)Ljava/lang/Class;' in 'java/lang/ClassLoader')}
  0x00000179ad2f7d14: f848 ba20 | 0f01 b779 | 0100 0049 | 8bcf 4883 | ec20 f7c4 | 0f00 0000 | 0f84 1a00 | 0000 4883 
  0x00000179ad2f7d34: ;   {runtime_call}
  0x00000179ad2f7d34: ec08 49ba | c049 d8fb | fe7f 0000 | 41ff d248 | 83c4 08e9 | 0d00 0000 

  0x00000179ad2f7d4c: ;   {runtime_call}
  0x00000179ad2f7d4c: 49ba c049 | d8fb fe7f | 0000 41ff | d248 83c4 | 2048 8b45 | f849 c787 | 9802 0000 | 0000 0000 
  0x00000179ad2f7d6c: 49c7 87a0 | 0200 0000 | 0000 00c5 | f877 4885 | c00f 8493 | 0000 0048 | f7c0 0100 | 0000 0f84 
  0x00000179ad2f7d8c: 8300 0000 | 488b 40ff | 4180 7f38 | 000f 846f | 0000 0048 | 83f8 000f | 8465 0000 | 0049 8b4f 
  0x00000179ad2f7dac: 2048 83f9 | 000f 8414 | 0000 0048 | 83e9 0849 | 894f 2049 | 034f 3048 | 8901 e943 | 0000 0050 
  0x00000179ad2f7dcc: 498b d748 | 8bc8 4883 | ec20 f7c4 | 0f00 0000 | 0f84 1a00 | 0000 4883 

  0x00000179ad2f7de4: ;   {runtime_call}
  0x00000179ad2f7de4: ec08 49ba | 7051 97fb | fe7f 0000 | 41ff d248 | 83c4 08e9 | 0d00 0000 

  0x00000179ad2f7dfc: ;   {runtime_call}
  0x00000179ad2f7dfc: 49ba 7051 | 97fb fe7f | 0000 41ff | d248 83c4 | 2058 e903 | 0000 0048 | 8b00 498b | 8fd8 0000 
  0x00000179ad2f7e1c: 00c7 8100 | 0100 0000 | 0000 00c9 | 4981 7f08 | 0000 0000 | 0f85 0100 

  0x00000179ad2f7e34: ;   {runtime_call StubRoutines (1)}
  0x00000179ad2f7e34: 0000 c3e9 | c490 baff | c5f8 7748 | 8945 f84c | 8be4 4883 | ec20 4883 

  0x00000179ad2f7e4c: ;   {runtime_call}
  0x00000179ad2f7e4c: e4f0 49ba | 407a d8fb | fe7f 0000 | 41ff d249 | 8be4 4d33 | e448 8b45 | f8e9 93fe | ffff f4f4 
  0x00000179ad2f7e6c: f4f4 f4f4 
[/MachCode]


Compiled method (c1)    5054 1251       1       java.lang.ClassLoader::defineClass (43 bytes)
 total in heap  [0x00000179ad31e090,0x00000179ad31e630] = 1440
 relocation     [0x00000179ad31e1e8,0x00000179ad31e248] = 96
 main code      [0x00000179ad31e260,0x00000179ad31e400] = 416
 stub code      [0x00000179ad31e400,0x00000179ad31e478] = 120
 metadata       [0x00000179ad31e478,0x00000179ad31e4a8] = 48
 scopes data    [0x00000179ad31e4a8,0x00000179ad31e560] = 184
 scopes pcs     [0x00000179ad31e560,0x00000179ad31e600] = 160
 dependencies   [0x00000179ad31e600,0x00000179ad31e608] = 8
 nul chk table  [0x00000179ad31e608,0x00000179ad31e630] = 40

[Constant Pool (empty)]

[MachCode]
[Entry Point]
  # {method} {0x00000179b7010cc0} 'defineClass' '(Ljava/lang/String;[BIILjava/security/ProtectionDomain;)Ljava/lang/Class;' in 'java/lang/ClassLoader'
  # this:     rdx:rdx   = 'java/lang/ClassLoader'
  # parm0:    r8:r8     = 'java/lang/String'
  # parm1:    r9:r9     = '[B'
  # parm2:    rdi       = int
  # parm3:    rsi       = int
  # parm4:    rcx:rcx   = 'java/security/ProtectionDomain'
  #           [sp+0xc0]  (sp of caller)
  0x00000179ad31e260: 448b 5208 | 49bb 0000 | 00b7 7901 | 0000 4d03 | d34c 3bd0 

  0x00000179ad31e274: ;   {runtime_call ic_miss_stub}
  0x00000179ad31e274: 0f85 062e | bdff 660f | 1f44 0000 
[Verified Entry Point]
  0x00000179ad31e280: 8984 2400 | 90ff ff55 | 4881 ecb0 | 0000 0048 | 8954 2478 | 89b4 2494 | 0000 0089 | bc24 9000 
  0x00000179ad31e2a0: 0000 4c89 | 8c24 8800 | 0000 498b | d84c 8bc3 | 4c8b c948 | 8bca 488b | d148 899c | 2480 0000 
  0x00000179ad31e2c0: 0066 0f1f 

  0x00000179ad31e2c4: ;   {optimized virtual_call}
  0x00000179ad31e2c4: 4400 00e8 

  0x00000179ad31e2c8: ; ImmutableOopMap {[120]=Oop [136]=Oop [128]=Oop }
                      ;*invokevirtual preDefineClass {reexecute=0 rethrow=0 return_oop=0}
                      ; - java.lang.ClassLoader::defineClass@4 (line 1015)
  0x00000179ad31e2c8: 7432 feff | 4889 8424 | 9800 0000 

  0x00000179ad31e2d4: ; implicit exception: dispatches to 0x00000179ad31e39a
  0x00000179ad31e2d4: 448b 4010 | 4983 f800 | 0f85 0f00 

  0x00000179ad31e2e0: ;   {oop(NULL)}
  0x00000179ad31e2e0: 0000 48bb | 0000 0000 | 0000 0000 | e936 0000 | 0045 8b40 | 0c49 83f8 | 000f 850f 

  0x00000179ad31e2fc: ;   {oop(NULL)}
  0x00000179ad31e2fc: 0000 0048 | bb00 0000 | 0000 0000 | 00e9 1900 | 0000 418b | 5038 483b 

  0x00000179ad31e314: ;   {optimized virtual_call}
  0x00000179ad31e314: 0266 90e8 

  0x00000179ad31e318: ; ImmutableOopMap {[120]=Oop [136]=Oop [128]=Oop [152]=Oop }
                      ;*invokevirtual toExternalForm {reexecute=0 rethrow=0 return_oop=0}
                      ; - java.net.URL::toExternalForm@5 (line 1039)
                      ; - java.net.URL::toString@1 (line 1025)
                      ; - java.lang.ClassLoader::defineClassSourceLocation@22 (line 917)
                      ; - java.lang.ClassLoader::defineClass@12 (line 1016)
  0x00000179ad31e318: 04e9 fbff | 488b d848 | 8b84 2498 | 0000 008b | b424 9400 | 0000 8bbc | 2490 0000 | 004c 8b8c 
  0x00000179ad31e338: 2488 0000 | 004c 8b84 | 2480 0000 | 0048 8b54 | 2478 4c8b | da49 8bd3 | 488b c848 

  0x00000179ad31e354: ;   {static_call}
  0x00000179ad31e354: 891c 24e8 

  0x00000179ad31e358: ; ImmutableOopMap {[152]=Oop [120]=Oop }
                      ;*invokestatic defineClass1 {reexecute=0 rethrow=0 return_oop=0}
                      ; - java.lang.ClassLoader::defineClass@27 (line 1017)
  0x00000179ad31e358: e497 fdff | 4c8b c04c | 8b8c 2498 | 0000 0048 | 8b54 2478 | 4889 8424 | a000 0000 

  0x00000179ad31e374: ;   {optimized virtual_call}
  0x00000179ad31e374: 6666 90e8 

  0x00000179ad31e378: ; ImmutableOopMap {[160]=Oop }
                      ;*invokevirtual postDefineClass {reexecute=0 rethrow=0 return_oop=0}
                      ; - java.lang.ClassLoader::defineClass@37 (line 1018)
  0x00000179ad31e378: 8420 feff | 488b 8424 | a000 0000 | 4881 c4b0 | 0000 005d 

  0x00000179ad31e38c: ;   {poll_return}
  0x00000179ad31e38c: 493b a750 | 0300 000f | 8715 0000 

  0x00000179ad31e398: ;   {runtime_call throw_null_pointer_exception Runtime1 stub}
  0x00000179ad31e398: 00c3 e881 

  0x00000179ad31e39c: ; ImmutableOopMap {[120]=Oop [136]=Oop [128]=Oop rax=Oop [152]=Oop }
                      ;*invokevirtual getCodeSource {reexecute=0 rethrow=0 return_oop=0}
                      ; - java.lang.ClassLoader::defineClassSourceLocation@1 (line 914)
                      ; - java.lang.ClassLoader::defineClass@12 (line 1016)
                      ;   {runtime_call throw_null_pointer_exception Runtime1 stub}
  0x00000179ad31e39c: 50c7 ffe8 

  0x00000179ad31e3a0: ; ImmutableOopMap {[120]=Oop [136]=Oop [128]=Oop rax=Oop [152]=Oop }
                      ;*invokevirtual getLocation {reexecute=0 rethrow=0 return_oop=0}
                      ; - java.lang.ClassLoader::defineClassSourceLocation@12 (line 916)
                      ; - java.lang.ClassLoader::defineClass@12 (line 1016)
  0x00000179ad31e3a0: 7c50 c7ff 

  0x00000179ad31e3a4: ;   {runtime_call throw_null_pointer_exception Runtime1 stub}
  0x00000179ad31e3a4: e877 50c7 

  0x00000179ad31e3a8: ; ImmutableOopMap {[120]=Oop [136]=Oop [128]=Oop [152]=Oop r8=Oop }
                      ;*invokevirtual toString {reexecute=0 rethrow=0 return_oop=0}
                      ; - java.lang.ClassLoader::defineClassSourceLocation@22 (line 917)
                      ; - java.lang.ClassLoader::defineClass@12 (line 1016)
                      ;   {runtime_call throw_null_pointer_exception Runtime1 stub}
  0x00000179ad31e3a8: ffe8 7250 

  0x00000179ad31e3ac: ; ImmutableOopMap {[120]=Oop [136]=Oop [128]=Oop [152]=Oop r8=Oop rdx=Oop }
                      ;*invokevirtual toExternalForm {reexecute=0 rethrow=0 return_oop=0}
                      ; - java.net.URL::toExternalForm@5 (line 1039)
                      ; - java.net.URL::toString@1 (line 1025)
                      ; - java.lang.ClassLoader::defineClassSourceLocation@22 (line 917)
                      ; - java.lang.ClassLoader::defineClass@12 (line 1016)
                      ;   {internal_word}
  0x00000179ad31e3ac: c7ff 49ba | 8ce3 31ad | 7901 0000 | 4d89 9768 

  0x00000179ad31e3bc: ;   {runtime_call SafepointBlob}
  0x00000179ad31e3bc: 0300 00e9 | 3c96 bdff | 9090 498b | 87e0 0300 | 0049 c787 | e003 0000 | 0000 0000 | 49c7 87e8 
  0x00000179ad31e3dc: 0300 0000 | 0000 0048 | 81c4 b000 

  0x00000179ad31e3e8: ;   {runtime_call unwind_exception Runtime1 stub}
  0x00000179ad31e3e8: 0000 5de9 | 1041 c7ff | f4f4 f4f4 | f4f4 f4f4 | f4f4 f4f4 | f4f4 f4f4 
[Stub Code]
  0x00000179ad31e400: ;   {no_reloc}
  0x00000179ad31e400: 0f1f 4400 

  0x00000179ad31e404: ;   {static_stub}
  0x00000179ad31e404: 0048 bb00 | 0000 0000 

  0x00000179ad31e40c: ;   {runtime_call}
  0x00000179ad31e40c: 0000 00e9 | fbff ffff 

  0x00000179ad31e414: ;   {static_stub}
  0x00000179ad31e414: 9048 bb00 | 0000 0000 

  0x00000179ad31e41c: ;   {runtime_call}
  0x00000179ad31e41c: 0000 00e9 | fbff ffff 

  0x00000179ad31e424: ;   {static_stub}
  0x00000179ad31e424: 9048 bb00 | 0000 0000 

  0x00000179ad31e42c: ;   {runtime_call}
  0x00000179ad31e42c: 0000 00e9 | fbff ffff 

  0x00000179ad31e434: ;   {static_stub}
  0x00000179ad31e434: 9048 bb00 | 0000 0000 

  0x00000179ad31e43c: ;   {runtime_call}
  0x00000179ad31e43c: 0000 00e9 | fbff ffff 
[Exception Handler]
  0x00000179ad31e444: ;   {runtime_call handle_exception_from_callee Runtime1 stub}
  0x00000179ad31e444: e8b7 6dc7 

  0x00000179ad31e448: ;   {external_word}
  0x00000179ad31e448: ff48 b930 | cafc fbfe | 7f00 0048 

  0x00000179ad31e454: ;   {runtime_call}
  0x00000179ad31e454: 83e4 f049 | ba40 48c5 | fbfe 7f00 | 0041 ffd2 

  0x00000179ad31e464: ;   {section_word}
  0x00000179ad31e464: f449 ba65 | e431 ad79 | 0100 0041 

  0x00000179ad31e470: ;   {runtime_call DeoptimizationBlob}
  0x00000179ad31e470: 52e9 2a88 | bdff f4f4 
[/MachCode]


Compiled method (c1)    5063 1173       1       jdk.internal.loader.BuiltinClassLoader::defineClass (121 bytes)
 total in heap  [0x00000179ad304410,0x00000179ad305288] = 3704
 relocation     [0x00000179ad304568,0x00000179ad304698] = 304
 main code      [0x00000179ad3046a0,0x00000179ad304cc0] = 1568
 stub code      [0x00000179ad304cc0,0x00000179ad304e08] = 328
 metadata       [0x00000179ad304e08,0x00000179ad304e50] = 72
 scopes data    [0x00000179ad304e50,0x00000179ad3050a8] = 600
 scopes pcs     [0x00000179ad3050a8,0x00000179ad305248] = 416
 dependencies   [0x00000179ad305248,0x00000179ad305250] = 8
 handler table  [0x00000179ad305250,0x00000179ad305268] = 24
 nul chk table  [0x00000179ad305268,0x00000179ad305288] = 32

[Constant Pool (empty)]

[MachCode]
[Entry Point]
  # {method} {0x00000179b7435e78} 'defineClass' '(Ljava/lang/String;Ljdk/internal/loader/Resource;)Ljava/lang/Class;' in 'jdk/internal/loader/BuiltinClassLoader'
  # this:     rdx:rdx   = 'jdk/internal/loader/BuiltinClassLoader'
  # parm0:    r8:r8     = 'java/lang/String'
  # parm1:    r9:r9     = 'jdk/internal/loader/Resource'
  #           [sp+0x110]  (sp of caller)
  0x00000179ad3046a0: 448b 5208 | 49bb 0000 | 00b7 7901 | 0000 4d03 | d34c 3bd0 

  0x00000179ad3046b4: ;   {runtime_call ic_miss_stub}
  0x00000179ad3046b4: 0f85 c6c9 | beff 660f | 1f44 0000 
[Verified Entry Point]
  0x00000179ad3046c0: 8984 2400 | 90ff ff55 | 4881 ec00 | 0100 0048 | 8994 24a0 | 0000 004c | 8984 2490 | 0000 004c 
  0x00000179ad3046e0: 898c 2498 | 0000 0049 | 8bd1 6666 | 9048 b8ff | ffff ffff 

  0x00000179ad3046f4: ;   {virtual_call}
  0x00000179ad3046f4: ffff ffe8 

  0x00000179ad3046f8: ; ImmutableOopMap {[152]=Oop [160]=Oop [144]=Oop }
                      ;*invokevirtual getCodeSourceURL {reexecute=0 rethrow=0 return_oop=0}
                      ; - jdk.internal.loader.BuiltinClassLoader::defineClass@1 (line 842)
  0x00000179ad3046f8: 348e 0900 | 4889 8424 | a800 0000 | 4c8b 8424 | 9000 0000 

  0x00000179ad30470c: ; implicit exception: dispatches to 0x00000179ad304bc3
  0x00000179ad30470c: 418b 7014 

  0x00000179ad304710: ; implicit exception: dispatches to 0x00000179ad304bc8
  0x00000179ad304710: 8b56 0c45 | 0fbe 4810 | 498b c9c1 | e118 c1f9 | 18d3 fa48 | 8bfa ffcf | 4183 f900 | ba00 0000 
  0x00000179ad304730: 000f 8505 | 0000 00ba | 0100 0000 | 83e2 0183 | fa00 488b | d641 b82e | 0000 004c | 8bcf 0f84 
  0x00000179ad304750: 0d00 0000 

  0x00000179ad304754: ;   {static_call}
  0x00000179ad304754: 6666 90e8 

  0x00000179ad304758: ; ImmutableOopMap {[152]=Oop [160]=Oop [168]=Oop [144]=Oop }
                      ;*invokestatic lastIndexOf {reexecute=0 rethrow=0 return_oop=0}
                      ; - java.lang.String::lastIndexOf@13 (line 2489)
                      ; - java.lang.String::lastIndexOf@8 (line 2451)
                      ; - jdk.internal.loader.BuiltinClassLoader::defineClass@8 (line 845)
  0x00000179ad304758: c40e e8ff | e90b 0000 | 0066 0f1f 

  0x00000179ad304764: ;   {static_call}
  0x00000179ad304764: 4400 00e8 

  0x00000179ad304768: ; ImmutableOopMap {[152]=Oop [160]=Oop [168]=Oop [144]=Oop }
                      ;*invokestatic lastIndexOf {reexecute=0 rethrow=0 return_oop=0}
                      ; - java.lang.String::lastIndexOf@25 (line 2490)
                      ; - java.lang.String::lastIndexOf@8 (line 2451)
                      ; - jdk.internal.loader.BuiltinClassLoader::defineClass@8 (line 845)
  0x00000179ad304768: 14d2 beff | 83f8 ff0f | 8467 0000 | 0041 b800 | 0000 004c | 8bc8 488b | 9424 9000 

  0x00000179ad304784: ;   {optimized virtual_call}
  0x00000179ad304784: 0000 90e8 

  0x00000179ad304788: ; ImmutableOopMap {[152]=Oop [160]=Oop [168]=Oop [144]=Oop }
                      ;*invokevirtual substring {reexecute=0 rethrow=0 return_oop=0}
                      ; - jdk.internal.loader.BuiltinClassLoader::defineClass@23 (line 847)
  0x00000179ad304788: f43e e7ff | 488b 9424 | 9800 0000 | 4889 8424 | b000 0000 | 9048 b8ff | ffff ffff 

  0x00000179ad3047a4: ;   {virtual_call}
  0x00000179ad3047a4: ffff ffe8 

  0x00000179ad3047a8: ; ImmutableOopMap {[152]=Oop [160]=Oop [168]=Oop [144]=Oop [176]=Oop }
                      ;*invokevirtual getManifest {reexecute=0 rethrow=0 return_oop=0}
                      ; - jdk.internal.loader.BuiltinClassLoader::defineClass@29 (line 848)
  0x00000179ad3047a8: b48d 0900 | 4c8b 8424 | b000 0000 | 4c8b c848 | 8bbc 24a8 | 0000 0048 | 8b94 24a0 | 0000 0066 
  0x00000179ad3047c8: 0f1f 4400 | 0048 b870 | c607 b779 

  0x00000179ad3047d4: ;   {virtual_call}
  0x00000179ad3047d4: 0100 00e8 

  0x00000179ad3047d8: ; ImmutableOopMap {[152]=Oop [160]=Oop [168]=Oop [144]=Oop }
                      ;*invokevirtual defineOrCheckPackage {reexecute=0 rethrow=0 return_oop=0}
                      ; - jdk.internal.loader.BuiltinClassLoader::defineClass@40 (line 849)
  0x00000179ad3047d8: c4db ffff | 4c8b 8c24 | 9800 0000 | 488d 9424 | e000 0000 | 4c89 4a08 | 498b 0148 | 83c8 0148 
  0x00000179ad3047f8: 8902 f049 | 0fb1 110f | 8413 0000 | 0048 2bc4 | 4881 e007 | f0ff ff48 | 8902 0f85 | b503 0000 
  0x00000179ad304818: 418b 510c | 4883 fa00 | 0f85 4700 | 0000 498b | d10f 1f40 | 0048 b8ff | ffff ffff 

  0x00000179ad304834: ;   {virtual_call}
  0x00000179ad304834: ffff ffe8 

  0x00000179ad304838: ; ImmutableOopMap {[160]=Oop [168]=Oop [144]=Oop [152]=Oop [232]=Oop }
                      ;*invokevirtual getInputStream {reexecute=0 rethrow=0 return_oop=0}
                      ; - jdk.internal.loader.Resource::cachedInputStream@9 (line 77)
                      ; - jdk.internal.loader.Resource::getByteBuffer@1 (line 163)
                      ; - jdk.internal.loader.BuiltinClassLoader::defineClass@45 (line 853)
  0x00000179ad304838: 44a8 e5ff | 410f be57 | 3883 fa00 | 4c8b 8c24 | 9800 0000 | 0f85 8e03 | 0000 4c8b | d045 8951 
  0x00000179ad304858: 0c49 8bd1 | 4833 d048 | c1ea 1448 | 83fa 000f | 858f 0300 | 0041 8b51 | 0c48 8d84 | 24e0 0000 
  0x00000179ad304878: 0048 8b30 | 4885 f60f | 840f 0000 | 0048 8b78 | 08f0 480f | b137 0f85 | 8003 0000 | 4883 fa00 
  0x00000179ad304898: 0f84 4400 

  0x00000179ad30489c: ;   {metadata('sun/nio/ByteBuffered')}
  0x00000179ad30489c: 0000 48b8 | b8cb 0db7 | 7901 0000 | 8b5a 0849 | ba00 0000 | b779 0100 | 0049 03da | 483b 4320 
  0x00000179ad3048bc: 0f84 2500 | 0000 483b | d80f 841c | 0000 0053 

  0x00000179ad3048cc: ;   {runtime_call slow_subtype_check Runtime1 stub}
  0x00000179ad3048cc: 50e8 2e15 | c9ff 5b5b | 83fb 000f | 8405 0000 | 00e9 0500 | 0000 4833 | f6eb 0a48 | be01 0000 
  0x00000179ad3048ec: 0000 0000 | 0083 fe00 | 0f84 6700 | 0000 4883 | fa00 0f84 | 4400 0000 

  0x00000179ad304904: ;   {metadata('sun/nio/ByteBuffered')}
  0x00000179ad304904: 48bb b8cb | 0db7 7901 | 0000 8b7a | 0849 ba00 | 0000 b779 | 0100 0049 | 03fa 483b | 5f20 0f84 
  0x00000179ad304924: 2000 0000 | 483b fb0f | 8417 0000 

  0x00000179ad304930: ;   {runtime_call slow_subtype_check Runtime1 stub}
  0x00000179ad304930: 0057 53e8 | c814 c9ff | 5f5f 83ff | 000f 84e7 | 0200 00e9 | 0000 0000 | 0f1f 4400 | 0048 b8ff 
  0x00000179ad304950: ffff ffff 

  0x00000179ad304954: ;   {virtual_call}
  0x00000179ad304954: ffff ffe8 

  0x00000179ad304958: ; ImmutableOopMap {[160]=Oop [168]=Oop [144]=Oop [152]=Oop }
                      ;*invokeinterface getByteBuffer {reexecute=0 rethrow=0 return_oop=0}
                      ; - jdk.internal.loader.Resource::getByteBuffer@16 (line 165)
                      ; - jdk.internal.loader.BuiltinClassLoader::defineClass@45 (line 853)
  0x00000179ad304958: 24cd beff | e90a 0000 

  0x00000179ad304960: ;   {oop(NULL)}
  0x00000179ad304960: 0048 b800 | 0000 0000 | 0000 0048 | 83f8 000f | 84e5 0000 | 0048 8984 | 24b8 0000 | 0048 8b94 
  0x00000179ad304980: 2498 0000 | 0048 b8ff | ffff ffff 

  0x00000179ad30498c: ;   {virtual_call}
  0x00000179ad30498c: ffff ffe8 

  0x00000179ad304990: ; ImmutableOopMap {[160]=Oop [168]=Oop [144]=Oop [184]=Oop }
                      ;*invokevirtual getCodeSigners {reexecute=0 rethrow=0 return_oop=0}
                      ; - jdk.internal.loader.BuiltinClassLoader::defineClass@56 (line 855)
  0x00000179ad304990: eccc beff 

  0x00000179ad304994: ;   {metadata('java/security/CodeSource')}
  0x00000179ad304994: 4c8b c848 | bab0 ee00 | b779 0100 | 0049 8b87 | 0801 0000 | 488d 7828 | 493b bf18 | 0100 000f 
  0x00000179ad3049b4: 877a 0200 | 0049 89bf | 0801 0000 | 48c7 0001 | 0000 0048 | 8bca 49ba | 0000 00b7 | 7901 0000 
  0x00000179ad3049d4: 492b ca89 | 4808 4833 | c989 480c | 4833 c948 | 8948 1048 | 8948 1848 | 8948 204c | 8b84 24a8 
  0x00000179ad3049f4: 0000 0048 | 8bd0 4889 | 8424 c000 | 0000 0f1f 

  0x00000179ad304a04: ;   {optimized virtual_call}
  0x00000179ad304a04: 4400 00e8 

  0x00000179ad304a08: ; ImmutableOopMap {[160]=Oop [144]=Oop [184]=Oop [192]=Oop }
                      ;*invokespecial <init> {reexecute=0 rethrow=0 return_oop=0}
                      ; - jdk.internal.loader.BuiltinClassLoader::defineClass@68 (line 856)
  0x00000179ad304a08: 74c9 beff | 4c8b 8424 | c000 0000 | 488b 9424 | a000 0000 

  0x00000179ad304a1c: ;   {optimized virtual_call}
  0x00000179ad304a1c: 6666 90e8 

  0x00000179ad304a20: ; ImmutableOopMap {[160]=Oop [144]=Oop [184]=Oop }
                      ;*invokevirtual getProtectionDomain {reexecute=0 rethrow=0 return_oop=0}
                      ; - java.security.SecureClassLoader::defineClass@5 (line 182)
                      ; - jdk.internal.loader.BuiltinClassLoader::defineClass@79 (line 857)
  0x00000179ad304a20: 5cc9 beff | 4c8b 8424 | 9000 0000 | 4c8b 8c24 | b800 0000 | 488b f848 | 8b94 24a0 

  0x00000179ad304a3c: ;   {optimized virtual_call}
  0x00000179ad304a3c: 0000 00e8 

  0x00000179ad304a40: ; ImmutableOopMap {}
                      ;*invokevirtual defineClass {reexecute=0 rethrow=0 return_oop=0}
                      ; - java.security.SecureClassLoader::defineClass@8 (line 182)
                      ; - jdk.internal.loader.BuiltinClassLoader::defineClass@79 (line 857)
  0x00000179ad304a40: 3cc9 beff | 4881 c400 | 0100 005d 

  0x00000179ad304a4c: ;   {poll_return}
  0x00000179ad304a4c: 493b a750 | 0300 000f | 87e7 0100 | 00c3 4c8b | 8c24 9800 | 0000 498b | d148 b8ff | ffff ffff 
  0x00000179ad304a6c: ;   {virtual_call}
  0x00000179ad304a6c: ffff ffe8 

  0x00000179ad304a70: ; ImmutableOopMap {[160]=Oop [144]=Oop [152]=Oop [168]=Oop }
                      ;*invokevirtual getBytes {reexecute=0 rethrow=0 return_oop=0}
                      ; - jdk.internal.loader.BuiltinClassLoader::defineClass@84 (line 859)
  0x00000179ad304a70: b4ad e5ff | 4889 8424 | c800 0000 | 488b 9424 | 9800 0000 | 9048 b8ff | ffff ffff 

  0x00000179ad304a8c: ;   {virtual_call}
  0x00000179ad304a8c: ffff ffe8 

  0x00000179ad304a90: ; ImmutableOopMap {[160]=Oop [144]=Oop [168]=Oop [200]=Oop }
                      ;*invokevirtual getCodeSigners {reexecute=0 rethrow=0 return_oop=0}
                      ; - jdk.internal.loader.BuiltinClassLoader::defineClass@90 (line 860)
  0x00000179ad304a90: eca7 e5ff 

  0x00000179ad304a94: ;   {metadata('java/security/CodeSource')}
  0x00000179ad304a94: 4c8b c848 | bab0 ee00 | b779 0100 | 0049 8b87 | 0801 0000 | 488d 7828 | 493b bf18 | 0100 000f 
  0x00000179ad304ab4: 879d 0100 | 0049 89bf | 0801 0000 | 48c7 0001 | 0000 0048 | 8bca 49ba | 0000 00b7 | 7901 0000 
  0x00000179ad304ad4: 492b ca89 | 4808 4833 | c989 480c | 4833 c948 | 8948 1048 | 8948 1848 | 8948 204c | 8b84 24a8 
  0x00000179ad304af4: 0000 0048 | 8bd0 4889 | 8424 d000 | 0000 0f1f 

  0x00000179ad304b04: ;   {optimized virtual_call}
  0x00000179ad304b04: 4400 00e8 

  0x00000179ad304b08: ; ImmutableOopMap {[160]=Oop [144]=Oop [200]=Oop [208]=Oop }
                      ;*invokespecial <init> {reexecute=0 rethrow=0 return_oop=0}
                      ; - jdk.internal.loader.BuiltinClassLoader::defineClass@102 (line 861)
  0x00000179ad304b08: 749c ffff | 488b 8424 | c800 0000 

  0x00000179ad304b14: ; implicit exception: dispatches to 0x00000179ad304c63
  0x00000179ad304b14: 8b70 0c4c | 8b84 24d0 | 0000 0048 | 8b94 24a0 | 0000 0089 | b424 d800 

  0x00000179ad304b2c: ;   {optimized virtual_call}
  0x00000179ad304b2c: 0000 90e8 

  0x00000179ad304b30: ; ImmutableOopMap {[160]=Oop [144]=Oop [200]=Oop }
                      ;*invokevirtual getProtectionDomain {reexecute=0 rethrow=0 return_oop=0}
                      ; - java.security.SecureClassLoader::defineClass@9 (line 150)
                      ; - jdk.internal.loader.BuiltinClassLoader::defineClass@117 (line 862)
  0x00000179ad304b30: ac92 ffff | 4c8b 8424 | 9000 0000 | 4c8b 8c24 | c800 0000 | bf00 0000 | 008b b424 | d800 0000 
  0x00000179ad304b50: 488b c848 | 8b94 24a0 | 0000 000f 

  0x00000179ad304b5c: ;   {optimized virtual_call}
  0x00000179ad304b5c: 1f40 00e8 

  0x00000179ad304b60: ; ImmutableOopMap {}
                      ;*invokevirtual defineClass {reexecute=0 rethrow=0 return_oop=0}
                      ; - java.security.SecureClassLoader::defineClass@12 (line 150)
                      ; - jdk.internal.loader.BuiltinClassLoader::defineClass@117 (line 862)
  0x00000179ad304b60: 1c97 0100 | 4881 c400 | 0100 005d 

  0x00000179ad304b6c: ;   {poll_return}
  0x00000179ad304b6c: 493b a750 | 0300 000f | 87ef 0000 | 00c3 498b | 87e0 0300 | 004d 33d2 | 4d89 97e0 | 0300 004d 
  0x00000179ad304b8c: 33d2 4d89 | 97e8 0300 | 0048 8bf0 | 488d 8424 | e000 0000 | 488b 3848 | 85ff 0f84 | 0f00 0000 
  0x00000179ad304bac: 488b 5808 | f048 0fb1 | 3b0f 85c3 | 0000 0048 | 8bc6 e9f0 

  0x00000179ad304bc0: ;   {runtime_call throw_null_pointer_exception Runtime1 stub}
  0x00000179ad304bc0: 0000 00e8 

  0x00000179ad304bc4: ; ImmutableOopMap {[152]=Oop [160]=Oop rax=Oop [168]=Oop r8=Oop [144]=Oop }
                      ;*invokevirtual lastIndexOf {reexecute=0 rethrow=0 return_oop=0}
                      ; - jdk.internal.loader.BuiltinClassLoader::defineClass@8 (line 845)
  0x00000179ad304bc4: 58e8 c8ff 

  0x00000179ad304bc8: ;   {runtime_call throw_null_pointer_exception Runtime1 stub}
  0x00000179ad304bc8: e853 e8c8 

  0x00000179ad304bcc: ; ImmutableOopMap {[152]=Oop [160]=Oop rax=Oop [168]=Oop r8=Oop [144]=Oop rsi=Oop }
                      ;*arraylength {reexecute=0 rethrow=0 return_oop=0}
                      ; - java.lang.String::length@4 (line 1481)
                      ; - java.lang.String::lastIndexOf@3 (line 2451)
                      ; - jdk.internal.loader.BuiltinClassLoader::defineClass@8 (line 845)
  0x00000179ad304bcc: ff4c 894c | 2408 4889 

  0x00000179ad304bd4: ;   {runtime_call monitorenter_nofpu Runtime1 stub}
  0x00000179ad304bd4: 1424 e825 

  0x00000179ad304bd8: ; ImmutableOopMap {[160]=Oop [168]=Oop [144]=Oop r9=Oop [152]=Oop [232]=Oop }
                      ;*synchronization entry
                      ; - jdk.internal.loader.Resource::cachedInputStream@-1 (line 76)
                      ; - jdk.internal.loader.Resource::getByteBuffer@1 (line 163)
                      ; - jdk.internal.loader.BuiltinClassLoader::defineClass@45 (line 853)
  0x00000179ad304bd8: 18c9 ffe9 | 38fc ffff | 418b 510c | 4883 fa00 | 0f84 64fc | ffff 4889 

  0x00000179ad304bf0: ;   {runtime_call g1_pre_barrier_slow}
  0x00000179ad304bf0: 1424 e809 | 3fc9 ffe9 | 56fc ffff | 4883 f800 | 0f84 67fc | ffff 4c89 

  0x00000179ad304c08: ;   {runtime_call g1_post_barrier_slow}
  0x00000179ad304c08: 0c24 e8f1 | 41c9 ffe9 | 59fc ffff | 488d 8424 | e000 0000 | 4889 0424 

  0x00000179ad304c20: ;   {runtime_call monitorexit_nofpu Runtime1 stub}
  0x00000179ad304c20: e8db 1dc9 | ffe9 6afc | ffff 4889 

  0x00000179ad304c2c: ;   {runtime_call throw_class_cast_exception Runtime1 stub}
  0x00000179ad304c2c: 1424 e8ed 

  0x00000179ad304c30: ; ImmutableOopMap {[160]=Oop [168]=Oop [144]=Oop [152]=Oop }
                      ;*checkcast {reexecute=0 rethrow=0 return_oop=0}
                      ; - jdk.internal.loader.Resource::getByteBuffer@13 (line 165)
                      ; - jdk.internal.loader.BuiltinClassLoader::defineClass@45 (line 853)
  0x00000179ad304c30: 0bc9 ff48 

  0x00000179ad304c34: ;   {runtime_call fast_new_instance Runtime1 stub}
  0x00000179ad304c34: 8bd2 e8c5 

  0x00000179ad304c38: ; ImmutableOopMap {[160]=Oop [168]=Oop [144]=Oop [184]=Oop r9=Oop }
                      ;*new {reexecute=0 rethrow=0 return_oop=0}
                      ; - jdk.internal.loader.BuiltinClassLoader::defineClass@61 (line 856)
  0x00000179ad304c38: f0c8 ffe9 | affd ffff 

  0x00000179ad304c40: ;   {internal_word}
  0x00000179ad304c40: 49ba 4c4a | 30ad 7901 | 0000 4d89 | 9768 0300 

  0x00000179ad304c50: ;   {runtime_call SafepointBlob}
  0x00000179ad304c50: 00e9 aa2d | bfff 488b 

  0x00000179ad304c58: ;   {runtime_call fast_new_instance Runtime1 stub}
  0x00000179ad304c58: d2e8 a2f0 

  0x00000179ad304c5c: ; ImmutableOopMap {[160]=Oop [144]=Oop [168]=Oop [200]=Oop r9=Oop }
                      ;*new {reexecute=0 rethrow=0 return_oop=0}
                      ; - jdk.internal.loader.BuiltinClassLoader::defineClass@95 (line 861)
  0x00000179ad304c5c: c8ff e98c 

  0x00000179ad304c60: ;   {runtime_call throw_null_pointer_exception Runtime1 stub}
  0x00000179ad304c60: feff ffe8 

  0x00000179ad304c64: ; ImmutableOopMap {[160]=Oop [144]=Oop [208]=Oop rax=Oop [200]=Oop }
                      ;*arraylength {reexecute=0 rethrow=0 return_oop=0}
                      ; - jdk.internal.loader.BuiltinClassLoader::defineClass@114 (line 862)
  0x00000179ad304c64: b8e7 c8ff 

  0x00000179ad304c68: ;   {internal_word}
  0x00000179ad304c68: 49ba 6c4b | 30ad 7901 | 0000 4d89 | 9768 0300 

  0x00000179ad304c78: ;   {runtime_call SafepointBlob}
  0x00000179ad304c78: 00e9 822d | bfff 488d | 8424 e000 | 0000 4889 

  0x00000179ad304c88: ;   {runtime_call monitorexit_nofpu Runtime1 stub}
  0x00000179ad304c88: 0424 e871 | 1dc9 ffe9 | 27ff ffff | 9090 498b | 87e0 0300 | 0049 c787 | e003 0000 | 0000 0000 
  0x00000179ad304ca8: 49c7 87e8 | 0300 0000 | 0000 0048 | 81c4 0001 

  0x00000179ad304cb8: ;   {runtime_call unwind_exception Runtime1 stub}
  0x00000179ad304cb8: 0000 5de9 | 40d8 c8ff 
[Stub Code]
  0x00000179ad304cc0: ;   {no_reloc}
  0x00000179ad304cc0: 0f1f 4400 

  0x00000179ad304cc4: ;   {static_stub}
  0x00000179ad304cc4: 0048 bb00 | 0000 0000 

  0x00000179ad304ccc: ;   {runtime_call}
  0x00000179ad304ccc: 0000 00e9 | fbff ffff 

  0x00000179ad304cd4: ;   {static_stub}
  0x00000179ad304cd4: 9048 bb00 | 0000 0000 

  0x00000179ad304cdc: ;   {runtime_call}
  0x00000179ad304cdc: 0000 00e9 | fbff ffff 

  0x00000179ad304ce4: ;   {static_stub}
  0x00000179ad304ce4: 9048 bb00 | 0000 0000 

  0x00000179ad304cec: ;   {runtime_call}
  0x00000179ad304cec: 0000 00e9 | fbff ffff 

  0x00000179ad304cf4: ;   {static_stub}
  0x00000179ad304cf4: 9048 bb00 | 0000 0000 

  0x00000179ad304cfc: ;   {runtime_call}
  0x00000179ad304cfc: 0000 00e9 | fbff ffff 

  0x00000179ad304d04: ;   {static_stub}
  0x00000179ad304d04: 9048 bb00 | 0000 0000 

  0x00000179ad304d0c: ;   {runtime_call}
  0x00000179ad304d0c: 0000 00e9 | fbff ffff 

  0x00000179ad304d14: ;   {static_stub}
  0x00000179ad304d14: 9048 bb00 | 0000 0000 

  0x00000179ad304d1c: ;   {runtime_call}
  0x00000179ad304d1c: 0000 00e9 | fbff ffff 

  0x00000179ad304d24: ;   {static_stub}
  0x00000179ad304d24: 9048 bb00 | 0000 0000 

  0x00000179ad304d2c: ;   {runtime_call}
  0x00000179ad304d2c: 0000 00e9 | fbff ffff 

  0x00000179ad304d34: ;   {static_stub}
  0x00000179ad304d34: 9048 bb00 | 0000 0000 

  0x00000179ad304d3c: ;   {runtime_call}
  0x00000179ad304d3c: 0000 00e9 | fbff ffff 

  0x00000179ad304d44: ;   {static_stub}
  0x00000179ad304d44: 9048 bb00 | 0000 0000 

  0x00000179ad304d4c: ;   {runtime_call}
  0x00000179ad304d4c: 0000 00e9 | fbff ffff 

  0x00000179ad304d54: ;   {static_stub}
  0x00000179ad304d54: 9048 bb00 | 0000 0000 

  0x00000179ad304d5c: ;   {runtime_call}
  0x00000179ad304d5c: 0000 00e9 | fbff ffff 

  0x00000179ad304d64: ;   {static_stub}
  0x00000179ad304d64: 9048 bb00 | 0000 0000 

  0x00000179ad304d6c: ;   {runtime_call}
  0x00000179ad304d6c: 0000 00e9 | fbff ffff 

  0x00000179ad304d74: ;   {static_stub}
  0x00000179ad304d74: 9048 bb00 | 0000 0000 

  0x00000179ad304d7c: ;   {runtime_call}
  0x00000179ad304d7c: 0000 00e9 | fbff ffff 

  0x00000179ad304d84: ;   {static_stub}
  0x00000179ad304d84: 9048 bb00 | 0000 0000 

  0x00000179ad304d8c: ;   {runtime_call}
  0x00000179ad304d8c: 0000 00e9 | fbff ffff 

  0x00000179ad304d94: ;   {static_stub}
  0x00000179ad304d94: 9048 bb00 | 0000 0000 

  0x00000179ad304d9c: ;   {runtime_call}
  0x00000179ad304d9c: 0000 00e9 | fbff ffff 

  0x00000179ad304da4: ;   {static_stub}
  0x00000179ad304da4: 9048 bb00 | 0000 0000 

  0x00000179ad304dac: ;   {runtime_call}
  0x00000179ad304dac: 0000 00e9 | fbff ffff 

  0x00000179ad304db4: ;   {static_stub}
  0x00000179ad304db4: 9048 bb00 | 0000 0000 

  0x00000179ad304dbc: ;   {runtime_call}
  0x00000179ad304dbc: 0000 00e9 | fbff ffff 

  0x00000179ad304dc4: ;   {static_stub}
  0x00000179ad304dc4: 9048 bbb8 | 0c01 b779 

  0x00000179ad304dcc: ;   {runtime_call I2C/C2I adapters}
  0x00000179ad304dcc: 0100 00e9 | 1729 beff 
[Exception Handler]
  0x00000179ad304dd4: ;   {runtime_call handle_exception_from_callee Runtime1 stub}
  0x00000179ad304dd4: e827 04c9 

  0x00000179ad304dd8: ;   {external_word}
  0x00000179ad304dd8: ff48 b930 | cafc fbfe | 7f00 0048 

  0x00000179ad304de4: ;   {runtime_call}
  0x00000179ad304de4: 83e4 f049 | ba40 48c5 | fbfe 7f00 | 0041 ffd2 

  0x00000179ad304df4: ;   {section_word}
  0x00000179ad304df4: f449 baf5 | 4d30 ad79 | 0100 0041 

  0x00000179ad304e00: ;   {runtime_call DeoptimizationBlob}
  0x00000179ad304e00: 52e9 9a1e | bfff f4f4 
[/MachCode]


---------------  P R O C E S S  ---------------

Threads class SMR info:
_java_thread_list=0x00000179fd06f660, length=19, elements={
0x00000179a3b96e80, 0x00000179b69eba80, 0x00000179b69ec900, 0x00000179b6a03880,
0x00000179b6a04440, 0x00000179b6a07e20, 0x00000179b6a087e0, 0x00000179b6a091a0,
0x00000179b6a09ba0, 0x00000179b6a77870, 0x00000179b6a77f30, 0x00000179b6a785f0,
0x00000179b6c17410, 0x00000179b6f9c8f0, 0x00000179b6f9cdd0, 0x00000179fc1889f0,
0x00000179fc6525a0, 0x00000179fc677730, 0x00000179fd1b9e50
}

Java Threads: ( => current thread )
=>0x00000179a3b96e80 JavaThread "main" [_thread_in_vm, id=15256, stack(0x0000004754b00000,0x0000004754c00000)]
  0x00000179b69eba80 JavaThread "Reference Handler" daemon [_thread_blocked, id=20060, stack(0x0000004755200000,0x0000004755300000)]
  0x00000179b69ec900 JavaThread "Finalizer" daemon [_thread_blocked, id=3660, stack(0x0000004755300000,0x0000004755400000)]
  0x00000179b6a03880 JavaThread "Signal Dispatcher" daemon [_thread_blocked, id=10456, stack(0x0000004755400000,0x0000004755500000)]
  0x00000179b6a04440 JavaThread "Attach Listener" daemon [_thread_blocked, id=7648, stack(0x0000004755500000,0x0000004755600000)]
  0x00000179b6a07e20 JavaThread "Service Thread" daemon [_thread_blocked, id=19504, stack(0x0000004755600000,0x0000004755700000)]
  0x00000179b6a087e0 JavaThread "Monitor Deflation Thread" daemon [_thread_blocked, id=11948, stack(0x0000004755700000,0x0000004755800000)]
  0x00000179b6a091a0 JavaThread "C1 CompilerThread0" daemon [_thread_blocked, id=6216, stack(0x0000004755800000,0x0000004755900000)]
  0x00000179b6a09ba0 JavaThread "Sweeper thread" daemon [_thread_blocked, id=9200, stack(0x0000004755900000,0x0000004755a00000)]
  0x00000179b6a77870 JavaThread "C1 CompilerThread1" daemon [_thread_blocked, id=9448, stack(0x0000004755a00000,0x0000004755b00000)]
  0x00000179b6a77f30 JavaThread "C1 CompilerThread2" daemon [_thread_blocked, id=18108, stack(0x0000004755b00000,0x0000004755c00000)]
  0x00000179b6a785f0 JavaThread "C1 CompilerThread3" daemon [_thread_blocked, id=15052, stack(0x0000004755c00000,0x0000004755d00000)]
  0x00000179b6c17410 JavaThread "Common-Cleaner" daemon [_thread_blocked, id=10500, stack(0x0000004755d00000,0x0000004755e00000)]
  0x00000179b6f9c8f0 JavaThread "Monitor Ctrl-Break" daemon [_thread_in_native, id=17260, stack(0x0000004755e00000,0x0000004755f00000)]
  0x00000179b6f9cdd0 JavaThread "Notification Thread" daemon [_thread_blocked, id=13404, stack(0x0000004755f00000,0x0000004756000000)]
  0x00000179fc1889f0 JavaThread "RMI TCP Accept-0" daemon [_thread_in_native, id=12996, stack(0x0000004756000000,0x0000004756100000)]
  0x00000179fc6525a0 JavaThread "RMI TCP Connection(1)-192.168.56.1" daemon [_thread_in_native, id=16740, stack(0x0000004756b00000,0x0000004756c00000)]
  0x00000179fc677730 JavaThread "RMI Scheduler(0)" daemon [_thread_blocked, id=13948, stack(0x0000004756c00000,0x0000004756d00000)]
  0x00000179fd1b9e50 JavaThread "JMX server connection timeout 27" daemon [_thread_blocked, id=14648, stack(0x0000004756d00000,0x0000004756e00000)]

Other Threads:
  0x00000179b69e7e20 VMThread "VM Thread" [stack: 0x0000004755100000,0x0000004755200000] [id=1696]
  0x00000179a3b97e40 WatcherThread [stack: 0x0000004756100000,0x0000004756200000] [id=1364]
  0x00000179a3be21f0 GCTaskThread "GC Thread#0" [stack: 0x0000004754c00000,0x0000004754d00000] [id=16648]
  0x00000179fc542ec0 GCTaskThread "GC Thread#1" [stack: 0x0000004756200000,0x0000004756300000] [id=13024]
  0x00000179fc5916a0 GCTaskThread "GC Thread#2" [stack: 0x0000004756300000,0x0000004756400000] [id=9796]
  0x00000179fc591960 GCTaskThread "GC Thread#3" [stack: 0x0000004756400000,0x0000004756500000] [id=14684]
  0x00000179fc591c20 GCTaskThread "GC Thread#4" [stack: 0x0000004756500000,0x0000004756600000] [id=6292]
  0x00000179fc591ee0 GCTaskThread "GC Thread#5" [stack: 0x0000004756600000,0x0000004756700000] [id=9932]
  0x00000179fc5921a0 GCTaskThread "GC Thread#6" [stack: 0x0000004756700000,0x0000004756800000] [id=9504]
  0x00000179fc5928e0 GCTaskThread "GC Thread#7" [stack: 0x0000004756800000,0x0000004756900000] [id=3664]
  0x00000179a3beed80 ConcurrentGCThread "G1 Main Marker" [stack: 0x0000004754d00000,0x0000004754e00000] [id=6212]
  0x00000179a3bef7a0 ConcurrentGCThread "G1 Conc#0" [stack: 0x0000004754e00000,0x0000004754f00000] [id=20296]
  0x00000179a3c42680 ConcurrentGCThread "G1 Refine#0" [stack: 0x0000004754f00000,0x0000004755000000] [id=20104]
  0x00000179fc585800 ConcurrentGCThread "G1 Refine#1" [stack: 0x0000004756900000,0x0000004756a00000] [id=19320]
  0x00000179fc543180 ConcurrentGCThread "G1 Refine#2" [stack: 0x0000004756a00000,0x0000004756b00000] [id=14708]
  0x00000179a3c440c0 ConcurrentGCThread "G1 Service" [stack: 0x0000004755000000,0x0000004755100000] [id=2308]

Threads with active compile tasks:

VM state: not at safepoint (normal execution)

VM Mutex/Monitor currently owned by a thread:  ([mutex/lock_event])
[0x00000179a3b8ff90] Metaspace_lock - owner thread: 0x00000179a3b96e80

OutOfMemory and StackOverflow Exception counts:
OutOfMemoryError java_heap_errors=1
LinkageErrors=61

Heap address: 0x00000000a1e00000, size: 1506 MB, Compressed Oops mode: 32-bit

CDS archive(s) mapped at: [0x00000179b7000000-0x00000179b7bb0000-0x00000179b7bb0000), size 12255232, SharedBaseAddress: 0x00000179b7000000, ArchiveRelocationMode: 1.
Compressed class space mapped at: 0x00000179b8000000-0x00000179f8000000, reserved size: 1073741824
Narrow klass base: 0x00000179b7000000, Narrow klass shift: 0, Narrow klass range: 0x100000000

GC Precious Log:
 CPUs: 8 total, 8 available
 Memory: 6020M
 Large Page Support: Disabled
 NUMA Support: Disabled
 Compressed Oops: Enabled (32-bit)
 Heap Region Size: 1M
 Heap Min Capacity: 8M
 Heap Initial Capacity: 96M
 Heap Max Capacity: 1506M
 Pre-touch: Disabled
 Parallel Workers: 8
 Concurrent Workers: 2
 Concurrent Refinement Workers: 8
 Periodic GC: Disabled

Heap:
 garbage-first heap   total 98304K, used 25498K [0x00000000a1e00000, 0x0000000100000000)
  region size 1024K, 18 young (18432K), 5 survivors (5120K)
 Metaspace       used 20867K, committed 21184K, reserved 1114112K
  class space    used 2842K, committed 3008K, reserved 1048576K

Heap Regions: E=young(eden), S=young(survivor), O=old, HS=humongous(starts), HC=humongous(continues), CS=collection set, F=free, OA=open archive, CA=closed archive, TAMS=top-at-mark-start (previous, next)
|   0|0x00000000a1e00000, 0x00000000a1f00000, 0x00000000a1f00000|100%|HS|  |TAMS 0x00000000a1e00000, 0x00000000a1e00000| Complete 
|   1|0x00000000a1f00000, 0x00000000a2000000, 0x00000000a2000000|100%| O|  |TAMS 0x00000000a1f00000, 0x00000000a1f00000| Untracked 
|   2|0x00000000a2000000, 0x00000000a2100000, 0x00000000a2100000|100%| O|  |TAMS 0x00000000a2000000, 0x00000000a2000000| Untracked 
|   3|0x00000000a2100000, 0x00000000a2200000, 0x00000000a2200000|100%| O|  |TAMS 0x00000000a2100000, 0x00000000a2100000| Untracked 
|   4|0x00000000a2200000, 0x00000000a2300000, 0x00000000a2300000|100%| O|  |TAMS 0x00000000a2200000, 0x00000000a2200000| Untracked 
|   5|0x00000000a2300000, 0x00000000a2400000, 0x00000000a2400000|100%| O|  |TAMS 0x00000000a2300000, 0x00000000a2300000| Untracked 
|   6|0x00000000a2400000, 0x00000000a2500000, 0x00000000a2500000|100%| O|  |TAMS 0x00000000a2400000, 0x00000000a2400000| Untracked 
|   7|0x00000000a2500000, 0x00000000a2600000, 0x00000000a2600000|100%| O|  |TAMS 0x00000000a2500000, 0x00000000a2500000| Untracked 
|   8|0x00000000a2600000, 0x00000000a2620600, 0x00000000a2700000| 12%| O|  |TAMS 0x00000000a2600000, 0x00000000a2600000| Untracked 
|   9|0x00000000a2700000, 0x00000000a2700000, 0x00000000a2800000|  0%| F|  |TAMS 0x00000000a2700000, 0x00000000a2700000| Untracked 
|  10|0x00000000a2800000, 0x00000000a2800000, 0x00000000a2900000|  0%| F|  |TAMS 0x00000000a2800000, 0x00000000a2800000| Untracked 
|  11|0x00000000a2900000, 0x00000000a2900000, 0x00000000a2a00000|  0%| F|  |TAMS 0x00000000a2900000, 0x00000000a2900000| Untracked 
|  12|0x00000000a2a00000, 0x00000000a2a00000, 0x00000000a2b00000|  0%| F|  |TAMS 0x00000000a2a00000, 0x00000000a2a00000| Untracked 
|  13|0x00000000a2b00000, 0x00000000a2b00000, 0x00000000a2c00000|  0%| F|  |TAMS 0x00000000a2b00000, 0x00000000a2b00000| Untracked 
|  14|0x00000000a2c00000, 0x00000000a2c00000, 0x00000000a2d00000|  0%| F|  |TAMS 0x00000000a2c00000, 0x00000000a2c00000| Untracked 
|  15|0x00000000a2d00000, 0x00000000a2d00000, 0x00000000a2e00000|  0%| F|  |TAMS 0x00000000a2d00000, 0x00000000a2d00000| Untracked 
|  16|0x00000000a2e00000, 0x00000000a2e00000, 0x00000000a2f00000|  0%| F|  |TAMS 0x00000000a2e00000, 0x00000000a2e00000| Untracked 
|  17|0x00000000a2f00000, 0x00000000a2f00000, 0x00000000a3000000|  0%| F|  |TAMS 0x00000000a2f00000, 0x00000000a2f00000| Untracked 
|  18|0x00000000a3000000, 0x00000000a3000000, 0x00000000a3100000|  0%| F|  |TAMS 0x00000000a3000000, 0x00000000a3000000| Untracked 
|  19|0x00000000a3100000, 0x00000000a3100000, 0x00000000a3200000|  0%| F|  |TAMS 0x00000000a3100000, 0x00000000a3100000| Untracked 
|  20|0x00000000a3200000, 0x00000000a3200000, 0x00000000a3300000|  0%| F|  |TAMS 0x00000000a3200000, 0x00000000a3200000| Untracked 
|  21|0x00000000a3300000, 0x00000000a3300000, 0x00000000a3400000|  0%| F|  |TAMS 0x00000000a3300000, 0x00000000a3300000| Untracked 
|  22|0x00000000a3400000, 0x00000000a3400000, 0x00000000a3500000|  0%| F|  |TAMS 0x00000000a3400000, 0x00000000a3400000| Untracked 
|  23|0x00000000a3500000, 0x00000000a3500000, 0x00000000a3600000|  0%| F|  |TAMS 0x00000000a3500000, 0x00000000a3500000| Untracked 
|  24|0x00000000a3600000, 0x00000000a3600000, 0x00000000a3700000|  0%| F|  |TAMS 0x00000000a3600000, 0x00000000a3600000| Untracked 
|  25|0x00000000a3700000, 0x00000000a3700000, 0x00000000a3800000|  0%| F|  |TAMS 0x00000000a3700000, 0x00000000a3700000| Untracked 
|  26|0x00000000a3800000, 0x00000000a3800000, 0x00000000a3900000|  0%| F|  |TAMS 0x00000000a3800000, 0x00000000a3800000| Untracked 
|  27|0x00000000a3900000, 0x00000000a3900000, 0x00000000a3a00000|  0%| F|  |TAMS 0x00000000a3900000, 0x00000000a3900000| Untracked 
|  28|0x00000000a3a00000, 0x00000000a3a00000, 0x00000000a3b00000|  0%| F|  |TAMS 0x00000000a3a00000, 0x00000000a3a00000| Untracked 
|  29|0x00000000a3b00000, 0x00000000a3b00000, 0x00000000a3c00000|  0%| F|  |TAMS 0x00000000a3b00000, 0x00000000a3b00000| Untracked 
|  30|0x00000000a3c00000, 0x00000000a3c00000, 0x00000000a3d00000|  0%| F|  |TAMS 0x00000000a3c00000, 0x00000000a3c00000| Untracked 
|  31|0x00000000a3d00000, 0x00000000a3d00000, 0x00000000a3e00000|  0%| F|  |TAMS 0x00000000a3d00000, 0x00000000a3d00000| Untracked 
|  32|0x00000000a3e00000, 0x00000000a3e00000, 0x00000000a3f00000|  0%| F|  |TAMS 0x00000000a3e00000, 0x00000000a3e00000| Untracked 
|  33|0x00000000a3f00000, 0x00000000a3f00000, 0x00000000a4000000|  0%| F|  |TAMS 0x00000000a3f00000, 0x00000000a3f00000| Untracked 
|  34|0x00000000a4000000, 0x00000000a4000000, 0x00000000a4100000|  0%| F|  |TAMS 0x00000000a4000000, 0x00000000a4000000| Untracked 
|  35|0x00000000a4100000, 0x00000000a4100000, 0x00000000a4200000|  0%| F|  |TAMS 0x00000000a4100000, 0x00000000a4100000| Untracked 
|  36|0x00000000a4200000, 0x00000000a4200000, 0x00000000a4300000|  0%| F|  |TAMS 0x00000000a4200000, 0x00000000a4200000| Untracked 
|  37|0x00000000a4300000, 0x00000000a4300000, 0x00000000a4400000|  0%| F|  |TAMS 0x00000000a4300000, 0x00000000a4300000| Untracked 
|  38|0x00000000a4400000, 0x00000000a4400000, 0x00000000a4500000|  0%| F|  |TAMS 0x00000000a4400000, 0x00000000a4400000| Untracked 
|  39|0x00000000a4500000, 0x00000000a4500000, 0x00000000a4600000|  0%| F|  |TAMS 0x00000000a4500000, 0x00000000a4500000| Untracked 
|  40|0x00000000a4600000, 0x00000000a4600000, 0x00000000a4700000|  0%| F|  |TAMS 0x00000000a4600000, 0x00000000a4600000| Untracked 
|  41|0x00000000a4700000, 0x00000000a4700000, 0x00000000a4800000|  0%| F|  |TAMS 0x00000000a4700000, 0x00000000a4700000| Untracked 
|  42|0x00000000a4800000, 0x00000000a4800000, 0x00000000a4900000|  0%| F|  |TAMS 0x00000000a4800000, 0x00000000a4800000| Untracked 
|  43|0x00000000a4900000, 0x00000000a4900000, 0x00000000a4a00000|  0%| F|  |TAMS 0x00000000a4900000, 0x00000000a4900000| Untracked 
|  44|0x00000000a4a00000, 0x00000000a4a00000, 0x00000000a4b00000|  0%| F|  |TAMS 0x00000000a4a00000, 0x00000000a4a00000| Untracked 
|  45|0x00000000a4b00000, 0x00000000a4b00000, 0x00000000a4c00000|  0%| F|  |TAMS 0x00000000a4b00000, 0x00000000a4b00000| Untracked 
|  46|0x00000000a4c00000, 0x00000000a4c00000, 0x00000000a4d00000|  0%| F|  |TAMS 0x00000000a4c00000, 0x00000000a4c00000| Untracked 
|  47|0x00000000a4d00000, 0x00000000a4d00000, 0x00000000a4e00000|  0%| F|  |TAMS 0x00000000a4d00000, 0x00000000a4d00000| Untracked 
|  48|0x00000000a4e00000, 0x00000000a4e00000, 0x00000000a4f00000|  0%| F|  |TAMS 0x00000000a4e00000, 0x00000000a4e00000| Untracked 
|  49|0x00000000a4f00000, 0x00000000a4f00000, 0x00000000a5000000|  0%| F|  |TAMS 0x00000000a4f00000, 0x00000000a4f00000| Untracked 
|  50|0x00000000a5000000, 0x00000000a5000000, 0x00000000a5100000|  0%| F|  |TAMS 0x00000000a5000000, 0x00000000a5000000| Untracked 
|  51|0x00000000a5100000, 0x00000000a5100000, 0x00000000a5200000|  0%| F|  |TAMS 0x00000000a5100000, 0x00000000a5100000| Untracked 
|  52|0x00000000a5200000, 0x00000000a52c64b8, 0x00000000a5300000| 77%| S|CS|TAMS 0x00000000a5200000, 0x00000000a5200000| Complete 
|  53|0x00000000a5300000, 0x00000000a5400000, 0x00000000a5400000|100%| S|CS|TAMS 0x00000000a5300000, 0x00000000a5300000| Complete 
|  54|0x00000000a5400000, 0x00000000a5500000, 0x00000000a5500000|100%| S|CS|TAMS 0x00000000a5400000, 0x00000000a5400000| Complete 
|  55|0x00000000a5500000, 0x00000000a5600000, 0x00000000a5600000|100%| S|CS|TAMS 0x00000000a5500000, 0x00000000a5500000| Complete 
|  56|0x00000000a5600000, 0x00000000a5700000, 0x00000000a5700000|100%| S|CS|TAMS 0x00000000a5600000, 0x00000000a5600000| Complete 
|  57|0x00000000a5700000, 0x00000000a5700000, 0x00000000a5800000|  0%| F|  |TAMS 0x00000000a5700000, 0x00000000a5700000| Untracked 
|  58|0x00000000a5800000, 0x00000000a5800000, 0x00000000a5900000|  0%| F|  |TAMS 0x00000000a5800000, 0x00000000a5800000| Untracked 
|  59|0x00000000a5900000, 0x00000000a5900000, 0x00000000a5a00000|  0%| F|  |TAMS 0x00000000a5900000, 0x00000000a5900000| Untracked 
|  60|0x00000000a5a00000, 0x00000000a5a00000, 0x00000000a5b00000|  0%| F|  |TAMS 0x00000000a5a00000, 0x00000000a5a00000| Untracked 
|  61|0x00000000a5b00000, 0x00000000a5b00000, 0x00000000a5c00000|  0%| F|  |TAMS 0x00000000a5b00000, 0x00000000a5b00000| Untracked 
|  62|0x00000000a5c00000, 0x00000000a5c00000, 0x00000000a5d00000|  0%| F|  |TAMS 0x00000000a5c00000, 0x00000000a5c00000| Untracked 
|  63|0x00000000a5d00000, 0x00000000a5d00000, 0x00000000a5e00000|  0%| F|  |TAMS 0x00000000a5d00000, 0x00000000a5d00000| Untracked 
|  64|0x00000000a5e00000, 0x00000000a5e00000, 0x00000000a5f00000|  0%| F|  |TAMS 0x00000000a5e00000, 0x00000000a5e00000| Untracked 
|  65|0x00000000a5f00000, 0x00000000a5f00000, 0x00000000a6000000|  0%| F|  |TAMS 0x00000000a5f00000, 0x00000000a5f00000| Untracked 
|  66|0x00000000a6000000, 0x00000000a6000000, 0x00000000a6100000|  0%| F|  |TAMS 0x00000000a6000000, 0x00000000a6000000| Untracked 
|  67|0x00000000a6100000, 0x00000000a6100000, 0x00000000a6200000|  0%| F|  |TAMS 0x00000000a6100000, 0x00000000a6100000| Untracked 
|  68|0x00000000a6200000, 0x00000000a6200000, 0x00000000a6300000|  0%| F|  |TAMS 0x00000000a6200000, 0x00000000a6200000| Untracked 
|  69|0x00000000a6300000, 0x00000000a6300000, 0x00000000a6400000|  0%| F|  |TAMS 0x00000000a6300000, 0x00000000a6300000| Untracked 
|  70|0x00000000a6400000, 0x00000000a6400000, 0x00000000a6500000|  0%| F|  |TAMS 0x00000000a6400000, 0x00000000a6400000| Untracked 
|  71|0x00000000a6500000, 0x00000000a6500000, 0x00000000a6600000|  0%| F|  |TAMS 0x00000000a6500000, 0x00000000a6500000| Untracked 
|  72|0x00000000a6600000, 0x00000000a6600000, 0x00000000a6700000|  0%| F|  |TAMS 0x00000000a6600000, 0x00000000a6600000| Untracked 
|  73|0x00000000a6700000, 0x00000000a6700000, 0x00000000a6800000|  0%| F|  |TAMS 0x00000000a6700000, 0x00000000a6700000| Untracked 
|  74|0x00000000a6800000, 0x00000000a6800000, 0x00000000a6900000|  0%| F|  |TAMS 0x00000000a6800000, 0x00000000a6800000| Untracked 
|  75|0x00000000a6900000, 0x00000000a6900000, 0x00000000a6a00000|  0%| F|  |TAMS 0x00000000a6900000, 0x00000000a6900000| Untracked 
|  76|0x00000000a6a00000, 0x00000000a6a00000, 0x00000000a6b00000|  0%| F|  |TAMS 0x00000000a6a00000, 0x00000000a6a00000| Untracked 
|  77|0x00000000a6b00000, 0x00000000a6b00000, 0x00000000a6c00000|  0%| F|  |TAMS 0x00000000a6b00000, 0x00000000a6b00000| Untracked 
|  78|0x00000000a6c00000, 0x00000000a6c00000, 0x00000000a6d00000|  0%| F|  |TAMS 0x00000000a6c00000, 0x00000000a6c00000| Untracked 
|  79|0x00000000a6d00000, 0x00000000a6d00000, 0x00000000a6e00000|  0%| F|  |TAMS 0x00000000a6d00000, 0x00000000a6d00000| Untracked 
|  80|0x00000000a6e00000, 0x00000000a6e00000, 0x00000000a6f00000|  0%| F|  |TAMS 0x00000000a6e00000, 0x00000000a6e00000| Untracked 
|  81|0x00000000a6f00000, 0x00000000a6f00000, 0x00000000a7000000|  0%| F|  |TAMS 0x00000000a6f00000, 0x00000000a6f00000| Untracked 
|  82|0x00000000a7000000, 0x00000000a7000000, 0x00000000a7100000|  0%| F|  |TAMS 0x00000000a7000000, 0x00000000a7000000| Untracked 
|  83|0x00000000a7100000, 0x00000000a71ad488, 0x00000000a7200000| 67%| E|  |TAMS 0x00000000a7100000, 0x00000000a7100000| Complete 
|  84|0x00000000a7200000, 0x00000000a7300000, 0x00000000a7300000|100%| E|CS|TAMS 0x00000000a7200000, 0x00000000a7200000| Complete 
|  85|0x00000000a7300000, 0x00000000a7400000, 0x00000000a7400000|100%| E|CS|TAMS 0x00000000a7300000, 0x00000000a7300000| Complete 
|  86|0x00000000a7400000, 0x00000000a7500000, 0x00000000a7500000|100%| E|CS|TAMS 0x00000000a7400000, 0x00000000a7400000| Complete 
|  87|0x00000000a7500000, 0x00000000a7600000, 0x00000000a7600000|100%| E|CS|TAMS 0x00000000a7500000, 0x00000000a7500000| Complete 
|  88|0x00000000a7600000, 0x00000000a7700000, 0x00000000a7700000|100%| E|CS|TAMS 0x00000000a7600000, 0x00000000a7600000| Complete 
|  89|0x00000000a7700000, 0x00000000a7800000, 0x00000000a7800000|100%| E|CS|TAMS 0x00000000a7700000, 0x00000000a7700000| Complete 
|  90|0x00000000a7800000, 0x00000000a7900000, 0x00000000a7900000|100%| E|CS|TAMS 0x00000000a7800000, 0x00000000a7800000| Complete 
|  91|0x00000000a7900000, 0x00000000a7a00000, 0x00000000a7a00000|100%| E|CS|TAMS 0x00000000a7900000, 0x00000000a7900000| Complete 
|  92|0x00000000a7a00000, 0x00000000a7b00000, 0x00000000a7b00000|100%| E|CS|TAMS 0x00000000a7a00000, 0x00000000a7a00000| Complete 
|  93|0x00000000a7b00000, 0x00000000a7c00000, 0x00000000a7c00000|100%| E|CS|TAMS 0x00000000a7b00000, 0x00000000a7b00000| Complete 
|  94|0x00000000a7c00000, 0x00000000a7d00000, 0x00000000a7d00000|100%| E|CS|TAMS 0x00000000a7c00000, 0x00000000a7c00000| Complete 
|  95|0x00000000a7d00000, 0x00000000a7e00000, 0x00000000a7e00000|100%| E|CS|TAMS 0x00000000a7d00000, 0x00000000a7d00000| Complete 

Card table byte_map: [0x00000179b0a80000,0x00000179b0d80000] _byte_map_base: 0x00000179b0571000

Marking Bits (Prev, Next): (CMBitMap*) 0x00000179a3be2810, (CMBitMap*) 0x00000179a3be2850
 Prev Bits: [0x00000179b1080000, 0x00000179b2808000)
 Next Bits: [0x00000179b2810000, 0x00000179b3f98000)

Polling page: 0x00000179a3c50000

Metaspace:

Usage:
  Non-class:     17.60 MB used.
      Class:      2.78 MB used.
       Both:     20.38 MB used.

Virtual space:
  Non-class space:       64.00 MB reserved,      17.75 MB ( 28%) committed,  1 nodes.
      Class space:        1.00 GB reserved,       2.94 MB ( <1%) committed,  1 nodes.
             Both:        1.06 GB reserved,      20.69 MB (  2%) committed. 

Chunk freelists:
   Non-Class:  14.11 MB
       Class:  12.89 MB
        Both:  27.00 MB

MaxMetaspaceSize: unlimited
CompressedClassSpaceSize: 1.00 GB
Initial GC threshold: 21.00 MB
Current GC threshold: 21.00 MB
CDS: on
MetaspaceReclaimPolicy: balanced
 - commit_granule_bytes: 65536.
 - commit_granule_words: 8192.
 - virtual_space_node_default_size: 8388608.
 - enlarge_chunks_in_place: 1.
 - new_chunks_are_fully_committed: 0.
 - uncommit_free_chunks: 1.
 - use_allocation_guard: 0.
 - handle_deallocations: 1.


Internal statistics:

num_allocs_failed_limit: 0.
num_arena_births: 328.
num_arena_deaths: 0.
num_vsnodes_births: 2.
num_vsnodes_deaths: 0.
num_space_committed: 331.
num_space_uncommitted: 0.
num_chunks_returned_to_freelist: 0.
num_chunks_taken_from_freelist: 981.
num_chunk_merges: 0.
num_chunk_splits: 677.
num_chunks_enlarged: 503.
num_inconsistent_stats: 0.

CodeCache: size=49152Kb used=7264Kb max_used=7264Kb free=41887Kb
 bounds [0x00000179acea0000, 0x00000179ad5c0000, 0x00000179afea0000]
 total_blobs=3398 nmethods=2884 adapters=438
 compilation: enabled
              stopped_count=0, restarted_count=0
 full_count=0

Compilation events (20 events):
Event: 5.007 Thread 0x00000179b6a785f0 nmethod 2867 0x00000179ad5b0910 code [0x00000179ad5b0ac0, 0x00000179ad5b0c98]
Event: 5.007 Thread 0x00000179b6a785f0 2871       1       org.springframework.core.annotation.MergedAnnotationCollectors::toMultiValueMap (42 bytes)
Event: 5.007 Thread 0x00000179b6a77870 nmethod 2868 0x00000179ad5b0d90 code [0x00000179ad5b0f60, 0x00000179ad5b1268]
Event: 5.007 Thread 0x00000179b6a77870 2872       1       org.springframework.core.annotation.MergedAnnotationCollectors::isSameInstance (11 bytes)
Event: 5.007 Thread 0x00000179b6a77870 nmethod 2872 0x00000179ad5b1410 code [0x00000179ad5b15a0, 0x00000179ad5b1658]
Event: 5.007 Thread 0x00000179b6a77870 2873       1       org.springframework.core.annotation.MergedAnnotationCollectors$$Lambda$451/0x00000179b82ac740::<init> (10 bytes)
Event: 5.007 Thread 0x00000179b6a77870 nmethod 2873 0x00000179ad5b1710 code [0x00000179ad5b18a0, 0x00000179ad5b19b8]
Event: 5.007 Thread 0x00000179b6a77f30 nmethod 2870 0x00000179ad5b1a10 code [0x00000179ad5b1bc0, 0x00000179ad5b1e58]
Event: 5.007 Thread 0x00000179b6a77870 2874       1       java.util.stream.Collector::of (73 bytes)
Event: 5.007 Thread 0x00000179b6a77f30 2875       1       org.springframework.core.annotation.MergedAnnotationCollectors$$Lambda$450/0x00000179b82ac528::get (8 bytes)
Event: 5.007 Thread 0x00000179b6a091a0 nmethod 2869 0x00000179ad5b1f90 code [0x00000179ad5b2140, 0x00000179ad5b23d8]
Event: 5.007 Thread 0x00000179b6a77f30 nmethod 2875 0x00000179ad5b2510 code [0x00000179ad5b26a0, 0x00000179ad5b2898]
Event: 5.007 Thread 0x00000179b6a785f0 nmethod 2871 0x00000179ad5b2990 code [0x00000179ad5b2b40, 0x00000179ad5b2d18]
Event: 5.008 Thread 0x00000179b6a77870 nmethod 2874 0x00000179ad5b2e90 code [0x00000179ad5b30c0, 0x00000179ad5b3938]
Event: 5.008 Thread 0x00000179b6a77f30 2876       1       org.springframework.boot.autoconfigure.condition.ConditionMessage::andCondition (21 bytes)
Event: 5.009 Thread 0x00000179b6a091a0 2877       1       org.springframework.core.annotation.AbstractMergedAnnotation::asAnnotationAttributes (14 bytes)
Event: 5.009 Thread 0x00000179b6a091a0 nmethod 2877 0x00000179ad5b3c10 code [0x00000179ad5b3da0, 0x00000179ad5b3ec8]
Event: 5.009 Thread 0x00000179b6a77f30 nmethod 2876 0x00000179ad5b3f90 code [0x00000179ad5b41e0, 0x00000179ad5b4788]
Event: 5.013 Thread 0x00000179b6a77f30 2878       1       org.springframework.core.annotation.AnnotationTypeMapping$MirrorSets$MirrorSet::resolve (245 bytes)
Event: 5.014 Thread 0x00000179b6a77f30 nmethod 2878 0x00000179ad5b4b90 code [0x00000179ad5b4e80, 0x00000179ad5b5d68]

GC Heap History (6 events):
Event: 2.330 GC heap before
{Heap before GC invocations=0 (full 0):
 garbage-first heap   total 98304K, used 23552K [0x00000000a1e00000, 0x0000000100000000)
  region size 1024K, 23 young (23552K), 0 survivors (0K)
 Metaspace       used 7556K, committed 7744K, reserved 1114112K
  class space    used 951K, committed 1088K, reserved 1048576K
}
Event: 2.341 GC heap after
{Heap after GC invocations=1 (full 0):
 garbage-first heap   total 98304K, used 7980K [0x00000000a1e00000, 0x0000000100000000)
  region size 1024K, 3 young (3072K), 3 survivors (3072K)
 Metaspace       used 7556K, committed 7744K, reserved 1114112K
  class space    used 951K, committed 1088K, reserved 1048576K
}
Event: 3.402 GC heap before
{Heap before GC invocations=1 (full 0):
 garbage-first heap   total 98304K, used 30508K [0x00000000a1e00000, 0x0000000100000000)
  region size 1024K, 26 young (26624K), 3 survivors (3072K)
 Metaspace       used 13077K, committed 13376K, reserved 1114112K
  class space    used 1781K, committed 1920K, reserved 1048576K
}
Event: 3.409 GC heap after
{Heap after GC invocations=2 (full 0):
 garbage-first heap   total 98304K, used 10256K [0x00000000a1e00000, 0x0000000100000000)
  region size 1024K, 2 young (2048K), 2 survivors (2048K)
 Metaspace       used 13077K, committed 13376K, reserved 1114112K
  class space    used 1781K, committed 1920K, reserved 1048576K
}
Event: 4.527 GC heap before
{Heap before GC invocations=2 (full 0):
 garbage-first heap   total 98304K, used 47120K [0x00000000a1e00000, 0x0000000100000000)
  region size 1024K, 39 young (39936K), 2 survivors (2048K)
 Metaspace       used 19884K, committed 20224K, reserved 1114112K
  class space    used 2696K, committed 2880K, reserved 1048576K
}
Event: 4.536 GC heap after
{Heap after GC invocations=3 (full 0):
 garbage-first heap   total 98304K, used 13210K [0x00000000a1e00000, 0x0000000100000000)
  region size 1024K, 5 young (5120K), 5 survivors (5120K)
 Metaspace       used 19884K, committed 20224K, reserved 1114112K
  class space    used 2696K, committed 2880K, reserved 1048576K
}

Dll operation events (13 events):
Event: 0.102 Loaded shared library C:\Users\railt\.jdks\corretto-17.0.12\bin\java.dll
Event: 0.127 Loaded shared library C:\Users\railt\.jdks\corretto-17.0.12\bin\jsvml.dll
Event: 0.336 Loaded shared library C:\Users\railt\.jdks\corretto-17.0.12\bin\zip.dll
Event: 0.346 Loaded shared library C:\Users\railt\.jdks\corretto-17.0.12\bin\instrument.dll
Event: 0.363 Loaded shared library C:\Users\railt\.jdks\corretto-17.0.12\bin\net.dll
Event: 0.367 Loaded shared library C:\Users\railt\.jdks\corretto-17.0.12\bin\nio.dll
Event: 0.372 Loaded shared library C:\Users\railt\.jdks\corretto-17.0.12\bin\zip.dll
Event: 0.590 Loaded shared library C:\Users\railt\AppData\Local\Programs\IntelliJ IDEA Ultimate\bin\breakgen64.dll
Event: 0.618 Loaded shared library C:\Users\railt\.jdks\corretto-17.0.12\bin\jimage.dll
Event: 0.657 Loaded shared library C:\Users\railt\.jdks\corretto-17.0.12\bin\extnet.dll
Event: 0.675 Loaded shared library C:\Users\railt\.jdks\corretto-17.0.12\bin\management.dll
Event: 0.732 Loaded shared library C:\Users\railt\.jdks\corretto-17.0.12\bin\management_ext.dll
Event: 4.239 Loading shared library C:\Users\railt\.jdks\corretto-17.0.12\bin\sunmscapi.dll failed, error code 1455

Deoptimization events (0 events):
No events

Classes loaded (20 events):
Event: 4.252 Loading class sun/security/util/ObjectIdentifier
Event: 4.252 Loading class sun/security/util/ObjectIdentifier done
Event: 4.256 Loading class java/security/spec/ECFieldF2m
Event: 4.256 Loading class java/security/spec/ECFieldF2m done
Event: 4.262 Loading class sun/security/ssl/SunJSSE
Event: 4.262 Loading class sun/security/ssl/SunJSSE done
Event: 4.263 Loading class com/sun/crypto/provider/SunJCE
Event: 4.263 Loading class com/sun/crypto/provider/SunJCE done
Event: 4.266 Loading class sun/security/provider/certpath/ldap/JdkLDAP
Event: 4.266 Loading class sun/security/provider/certpath/ldap/JdkLDAP done
Event: 4.267 Loading class sun/security/provider/certpath/ldap/JdkLDAP$ProviderService
Event: 4.267 Loading class sun/security/provider/certpath/ldap/JdkLDAP$ProviderService done
Event: 4.267 Loading class com/sun/security/sasl/Provider
Event: 4.268 Loading class com/sun/security/sasl/Provider done
Event: 4.268 Loading class com/sun/security/sasl/Provider$1
Event: 4.268 Loading class com/sun/security/sasl/Provider$1 done
Event: 4.268 Loading class com/sun/security/sasl/Provider$ProviderService
Event: 4.268 Loading class com/sun/security/sasl/Provider$ProviderService done
Event: 4.629 Loading class java/beans/PropertyVetoException
Event: 4.629 Loading class java/beans/PropertyVetoException done

Classes unloaded (0 events):
No events

Classes redefined (0 events):
No events

Internal exceptions (20 events):
Event: 3.181 Thread 0x00000179a3b96e80 Exception <a 'java/lang/NoSuchMethodError'{0x00000000a6e8e428}: 'void java.lang.invoke.DirectMethodHandle$Holder.invokeVirtual(java.lang.Object, java.lang.Object, java.lang.Object, java.lang.Object)'> (0x00000000a6e8e428) 
thrown [s\src\hotspot\share\interpreter\linkResolver.cpp, line 759]
Event: 3.268 Thread 0x00000179a3b96e80 Exception <a 'java/lang/NoSuchMethodError'{0x00000000a6c00c58}: 'void java.lang.invoke.DirectMethodHandle$Holder.invokeSpecial(java.lang.Object, java.lang.Object, java.lang.Object)'> (0x00000000a6c00c58) 
thrown [s\src\hotspot\share\interpreter\linkResolver.cpp, line 759]
Event: 3.277 Thread 0x00000179a3b96e80 Exception <a 'java/lang/IncompatibleClassChangeError'{0x00000000a6c318e8}: Found class java.lang.Object, but interface was expected> (0x00000000a6c318e8) 
thrown [s\src\hotspot\share\interpreter\linkResolver.cpp, line 826]
Event: 3.536 Thread 0x00000179fc6525a0 Exception <a 'java/lang/reflect/InvocationTargetException'{0x00000000a7727ab0}> (0x00000000a7727ab0) 
thrown [s\src\hotspot\share\runtime\reflection.cpp, line 1128]
Event: 3.944 Thread 0x00000179a3b96e80 Exception <a 'sun/nio/fs/WindowsException'{0x00000000a6b11600}> (0x00000000a6b11600) 
thrown [s\src\hotspot\share\prims\jni.cpp, line 516]
Event: 3.946 Thread 0x00000179a3b96e80 Exception <a 'java/lang/NoSuchMethodError'{0x00000000a6b12d10}: 'int java.lang.invoke.DirectMethodHandle$Holder.invokeSpecial(java.lang.Object, java.lang.Object, java.lang.Object, java.lang.Object, java.lang.Object)'> (0x00000000a6b12d10) 
thrown [s\src\hotspot\share\interpreter\linkResolver.cpp, line 759]
Event: 3.950 Thread 0x00000179a3b96e80 Exception <a 'java/lang/NoSuchMethodError'{0x00000000a6b1ba80}: 'void java.lang.invoke.DirectMethodHandle$Holder.invokeVirtual(java.lang.Object, java.lang.Object)'> (0x00000000a6b1ba80) 
thrown [s\src\hotspot\share\interpreter\linkResolver.cpp, line 759]
Event: 4.047 Thread 0x00000179fc6525a0 Exception <a 'java/lang/reflect/InvocationTargetException'{0x00000000a7734130}> (0x00000000a7734130) 
thrown [s\src\hotspot\share\runtime\reflection.cpp, line 1128]
Event: 4.128 Thread 0x00000179fc6f2010 Exception <a 'java/lang/NoSuchMethodError'{0x00000000a65ff538}: 'long java.lang.invoke.DirectMethodHandle$Holder.invokeSpecial(java.lang.Object, java.lang.Object)'> (0x00000000a65ff538) 
thrown [s\src\hotspot\share\interpreter\linkResolver.cpp, line 759]
Event: 4.131 Thread 0x00000179fc6f2010 Exception <a 'java/lang/NoSuchMethodError'{0x00000000a640a120}: 'long java.lang.invoke.DirectMethodHandle$Holder.invokeStatic(java.lang.Object, java.lang.Object)'> (0x00000000a640a120) 
thrown [s\src\hotspot\share\interpreter\linkResolver.cpp, line 759]
Event: 4.131 Thread 0x00000179fc6f2010 Exception <a 'java/lang/NoSuchMethodError'{0x00000000a640d478}: 'long java.lang.invoke.DirectMethodHandle$Holder.invokeStaticInit(java.lang.Object, java.lang.Object)'> (0x00000000a640d478) 
thrown [s\src\hotspot\share\interpreter\linkResolver.cpp, line 759]
Event: 4.134 Thread 0x00000179fc6f2010 Exception <a 'java/lang/NoSuchMethodError'{0x00000000a641ad38}: 'long java.lang.invoke.DirectMethodHandle$Holder.invokeInterface(java.lang.Object, java.lang.Object)'> (0x00000000a641ad38) 
thrown [s\src\hotspot\share\interpreter\linkResolver.cpp, line 759]
Event: 4.134 Thread 0x00000179fc6f2010 Exception <a 'java/lang/IncompatibleClassChangeError'{0x00000000a641e020}: Found class java.lang.Object, but interface was expected> (0x00000000a641e020) 
thrown [s\src\hotspot\share\interpreter\linkResolver.cpp, line 826]
Event: 4.141 Thread 0x00000179fc6f2010 Exception <a 'java/lang/NoSuchMethodError'{0x00000000a64388a0}: 'java.lang.Object java.lang.invoke.DirectMethodHandle$Holder.invokeVirtual(java.lang.Object, java.lang.Object, java.lang.Object, java.lang.Object)'> (0x00000000a64388a0) 
thrown [s\src\hotspot\share\interpreter\linkResolver.cpp, line 759]
Event: 4.234 Thread 0x00000179a3b96e80 Exception <a 'java/lang/OutOfMemoryError'{0x00000000a6093ce8}> (0x00000000a6093ce8) 
thrown [s\src\hotspot\share\prims\jni.cpp, line 535]
Event: 4.240 Thread 0x00000179fc6f2010 Exception <a 'java/lang/UnsatisfiedLinkError'{0x00000000a5f60710}> (0x00000000a5f60710) 
thrown [s\src\hotspot\share\prims\jvm.cpp, line 3378]
Event: 4.240 Thread 0x00000179fc6f2010 Exception <a 'java/lang/UnsatisfiedLinkError'{0x00000000a5f60710}> (0x00000000a5f60710) 
thrown [s\src\hotspot\share\prims\jni.cpp, line 516]
Event: 4.241 Thread 0x00000179fc6f2010 Exception <a 'java/lang/UnsatisfiedLinkError'{0x00000000a5f60710}> (0x00000000a5f60710) 
thrown [s\src\hotspot\share\oops\instanceKlass.cpp, line 1218]
Event: 4.309 Thread 0x00000179a3b96e80 Exception <a 'java/lang/IncompatibleClassChangeError'{0x00000000a5cf6798}: Found class java.lang.Object, but interface was expected> (0x00000000a5cf6798) 
thrown [s\src\hotspot\share\interpreter\linkResolver.cpp, line 826]
Event: 4.557 Thread 0x00000179fc6525a0 Exception <a 'java/lang/reflect/InvocationTargetException'{0x00000000a7dc0fd0}> (0x00000000a7dc0fd0) 
thrown [s\src\hotspot\share\runtime\reflection.cpp, line 1128]

VM Operations (20 events):
Event: 2.329 Executing VM operation: G1CollectForAllocation
Event: 2.341 Executing VM operation: G1CollectForAllocation done
Event: 2.989 Executing VM operation: HandshakeAllThreads
Event: 2.989 Executing VM operation: HandshakeAllThreads done
Event: 3.182 Executing VM operation: ICBufferFull
Event: 3.183 Executing VM operation: ICBufferFull done
Event: 3.256 Executing VM operation: HandshakeAllThreads
Event: 3.256 Executing VM operation: HandshakeAllThreads done
Event: 3.264 Executing VM operation: HandshakeAllThreads
Event: 3.264 Executing VM operation: HandshakeAllThreads done
Event: 3.401 Executing VM operation: G1CollectForAllocation
Event: 3.409 Executing VM operation: G1CollectForAllocation done
Event: 3.752 Executing VM operation: HandshakeAllThreads
Event: 3.752 Executing VM operation: HandshakeAllThreads done
Event: 3.878 Executing VM operation: HandshakeAllThreads
Event: 3.878 Executing VM operation: HandshakeAllThreads done
Event: 4.251 Executing VM operation: HandshakeAllThreads
Event: 4.251 Executing VM operation: HandshakeAllThreads done
Event: 4.527 Executing VM operation: G1CollectForAllocation
Event: 4.536 Executing VM operation: G1CollectForAllocation done

Events (20 events):
Event: 0.167 Thread 0x00000179b6a77f30 Thread added: 0x00000179b6a77f30
Event: 0.168 Thread 0x00000179b6a785f0 Thread added: 0x00000179b6a785f0
Event: 0.297 Thread 0x00000179b6c17410 Thread added: 0x00000179b6c17410
Event: 0.603 Thread 0x00000179b6f9c8f0 Thread added: 0x00000179b6f9c8f0
Event: 0.603 Thread 0x00000179b6f9cdd0 Thread added: 0x00000179b6f9cdd0
Event: 1.434 Thread 0x00000179fc1889f0 Thread added: 0x00000179fc1889f0
Event: 2.935 Thread 0x00000179fc6525a0 Thread added: 0x00000179fc6525a0
Event: 2.973 Thread 0x00000179fc677730 Thread added: 0x00000179fc677730
Event: 2.986 Thread 0x00000179fc677060 Thread added: 0x00000179fc677060
Event: 3.026 Thread 0x00000179fc677060 Thread exited: 0x00000179fc677060
Event: 3.273 Thread 0x00000179fc6f2010 Thread added: 0x00000179fc6f2010
Event: 3.530 Thread 0x00000179fcdfa0b0 Thread added: 0x00000179fcdfa0b0
Event: 3.539 Thread 0x00000179fcdfa0b0 Thread exited: 0x00000179fcdfa0b0
Event: 4.041 Thread 0x00000179fcf3c630 Thread added: 0x00000179fcf3c630
Event: 4.049 Thread 0x00000179fcf3c630 Thread exited: 0x00000179fcf3c630
Event: 4.207 Thread 0x00000179fcf3c630 Thread added: 0x00000179fcf3c630
Event: 4.272 Thread 0x00000179fc6f2010 Thread exited: 0x00000179fc6f2010
Event: 4.279 Thread 0x00000179fcf3c630 Thread exited: 0x00000179fcf3c630
Event: 4.553 Thread 0x00000179fc7b7740 Thread added: 0x00000179fc7b7740
Event: 4.559 Thread 0x00000179fc7b7740 Thread exited: 0x00000179fc7b7740


Dynamic libraries:
0x00007ff7dac10000 - 0x00007ff7dac1e000 	C:\Users\railt\.jdks\corretto-17.0.12\bin\java.exe
0x00007fff43130000 - 0x00007fff43328000 	C:\Windows\SYSTEM32\ntdll.dll
0x00007fff42f50000 - 0x00007fff43012000 	C:\Windows\System32\KERNEL32.DLL
0x00007fff40de0000 - 0x00007fff410de000 	C:\Windows\System32\KERNELBASE.dll
0x00007fff40800000 - 0x00007fff40900000 	C:\Windows\System32\ucrtbase.dll
0x00007fff1ebc0000 - 0x00007fff1ebd7000 	C:\Users\railt\.jdks\corretto-17.0.12\bin\jli.dll
0x00007fff42c20000 - 0x00007fff42dbd000 	C:\Windows\System32\USER32.dll
0x00007fff40d60000 - 0x00007fff40d82000 	C:\Windows\System32\win32u.dll
0x00007fff41610000 - 0x00007fff4163b000 	C:\Windows\System32\GDI32.dll
0x00007fff40a50000 - 0x00007fff40b67000 	C:\Windows\System32\gdi32full.dll
0x00007fff409b0000 - 0x00007fff40a4d000 	C:\Windows\System32\msvcp_win.dll
0x00007fff288c0000 - 0x00007fff28b5a000 	C:\Windows\WinSxS\amd64_microsoft.windows.common-controls_6595b64144ccf1df_6.0.19041.4355_none_60b8b9eb71f62e16\COMCTL32.dll
0x00007fff1e400000 - 0x00007fff1e41b000 	C:\Users\railt\.jdks\corretto-17.0.12\bin\VCRUNTIME140.dll
0x00007fff41360000 - 0x00007fff413fe000 	C:\Windows\System32\msvcrt.dll
0x00007fff411f0000 - 0x00007fff4121f000 	C:\Windows\System32\IMM32.DLL
0x00007fff20110000 - 0x00007fff2011c000 	C:\Users\railt\.jdks\corretto-17.0.12\bin\vcruntime140_1.dll
0x00007fff06c30000 - 0x00007fff06cbd000 	C:\Users\railt\.jdks\corretto-17.0.12\bin\msvcp140.dll
0x00007ffefb6a0000 - 0x00007ffefc30a000 	C:\Users\railt\.jdks\corretto-17.0.12\bin\server\jvm.dll
0x00007fff41ed0000 - 0x00007fff41f82000 	C:\Windows\System32\ADVAPI32.dll
0x00007fff41150000 - 0x00007fff411f0000 	C:\Windows\System32\sechost.dll
0x00007fff41220000 - 0x00007fff41343000 	C:\Windows\System32\RPCRT4.dll
0x00007fff407d0000 - 0x00007fff407f7000 	C:\Windows\System32\bcrypt.dll
0x00007fff41e00000 - 0x00007fff41e6b000 	C:\Windows\System32\WS2_32.dll
0x00007fff40630000 - 0x00007fff4067b000 	C:\Windows\SYSTEM32\POWRPROF.dll
0x00007fff37250000 - 0x00007fff37277000 	C:\Windows\SYSTEM32\WINMM.dll
0x00007fff370b0000 - 0x00007fff370ba000 	C:\Windows\SYSTEM32\VERSION.dll
0x00007fff40610000 - 0x00007fff40622000 	C:\Windows\SYSTEM32\UMPDC.dll
0x00007fff3efb0000 - 0x00007fff3efc2000 	C:\Windows\SYSTEM32\kernel.appcore.dll
0x00007fff1fef0000 - 0x00007fff1fefa000 	C:\Users\railt\.jdks\corretto-17.0.12\bin\jimage.dll
0x00007fff3eda0000 - 0x00007fff3ef84000 	C:\Windows\SYSTEM32\DBGHELP.DLL
0x00007fff20400000 - 0x00007fff20434000 	C:\Windows\SYSTEM32\dbgcore.DLL
0x00007fff40cd0000 - 0x00007fff40d52000 	C:\Windows\System32\bcryptPrimitives.dll
0x00007fff3d850000 - 0x00007fff3d85e000 	C:\Users\railt\.jdks\corretto-17.0.12\bin\instrument.dll
0x00007fff19c60000 - 0x00007fff19c85000 	C:\Users\railt\.jdks\corretto-17.0.12\bin\java.dll
0x00007fff06b50000 - 0x00007fff06c27000 	C:\Users\railt\.jdks\corretto-17.0.12\bin\jsvml.dll
0x00007fff424b0000 - 0x00007fff42c1f000 	C:\Windows\System32\SHELL32.dll
0x00007fff3e4b0000 - 0x00007fff3ec54000 	C:\Windows\SYSTEM32\windows.storage.dll
0x00007fff41640000 - 0x00007fff41993000 	C:\Windows\System32\combase.dll
0x00007fff40130000 - 0x00007fff4015e000 	C:\Windows\SYSTEM32\Wldp.dll
0x00007fff43020000 - 0x00007fff430ed000 	C:\Windows\System32\OLEAUT32.dll
0x00007fff419a0000 - 0x00007fff41a4d000 	C:\Windows\System32\SHCORE.dll
0x00007fff42dc0000 - 0x00007fff42e15000 	C:\Windows\System32\shlwapi.dll
0x00007fff40700000 - 0x00007fff40724000 	C:\Windows\SYSTEM32\profapi.dll
0x00007fff18970000 - 0x00007fff18988000 	C:\Users\railt\.jdks\corretto-17.0.12\bin\zip.dll
0x00007fff1db10000 - 0x00007fff1db29000 	C:\Users\railt\.jdks\corretto-17.0.12\bin\net.dll
0x00007fff391b0000 - 0x00007fff392bd000 	C:\Windows\SYSTEM32\WINHTTP.dll
0x00007fff3fe70000 - 0x00007fff3feda000 	C:\Windows\system32\mswsock.dll
0x00007fff19aa0000 - 0x00007fff19ab6000 	C:\Users\railt\.jdks\corretto-17.0.12\bin\nio.dll
0x00007fff0f790000 - 0x00007fff0f7aa000 	C:\Users\railt\AppData\Local\Programs\IntelliJ IDEA Ultimate\bin\breakgen64.dll
0x00007fff3fb90000 - 0x00007fff3fc5a000 	C:\Windows\SYSTEM32\DNSAPI.dll
0x00007fff3fb40000 - 0x00007fff3fb7b000 	C:\Windows\SYSTEM32\IPHLPAPI.DLL
0x00007fff41350000 - 0x00007fff41358000 	C:\Windows\System32\NSI.dll
0x00007fff37170000 - 0x00007fff3717a000 	C:\Windows\System32\rasadhlp.dll
0x00007fff34290000 - 0x00007fff34310000 	C:\Windows\System32\fwpuclnt.dll
0x00007fff17410000 - 0x00007fff17419000 	C:\Users\railt\.jdks\corretto-17.0.12\bin\extnet.dll
0x00007fff19860000 - 0x00007fff19869000 	C:\Users\railt\.jdks\corretto-17.0.12\bin\management.dll
0x00007fff0f780000 - 0x00007fff0f78b000 	C:\Users\railt\.jdks\corretto-17.0.12\bin\management_ext.dll
0x00007fff41a60000 - 0x00007fff41a68000 	C:\Windows\System32\PSAPI.DLL
0x00007fff40090000 - 0x00007fff400a8000 	C:\Windows\SYSTEM32\CRYPTSP.dll
0x00007fff3f770000 - 0x00007fff3f7a4000 	C:\Windows\system32\rsaenh.dll
0x00007fff40680000 - 0x00007fff406ae000 	C:\Windows\SYSTEM32\USERENV.dll
0x00007fff40080000 - 0x00007fff4008c000 	C:\Windows\SYSTEM32\CRYPTBASE.dll
0x00007fff3a280000 - 0x00007fff3a297000 	C:\Windows\SYSTEM32\dhcpcsvc6.DLL
0x00007fff3a260000 - 0x00007fff3a27d000 	C:\Windows\SYSTEM32\dhcpcsvc.DLL
0x00007fff149a0000 - 0x00007fff149b7000 	C:\Windows\system32\napinsp.dll
0x00007fff14980000 - 0x00007fff1499b000 	C:\Windows\system32\pnrpnsp.dll
0x00007fff1b940000 - 0x00007fff1b955000 	C:\Windows\system32\wshbth.dll
0x00007fff3bca0000 - 0x00007fff3bcbd000 	C:\Windows\system32\NLAapi.dll
0x00007fff14960000 - 0x00007fff14972000 	C:\Windows\System32\winrnr.dll

dbghelp: loaded successfully - version: 4.0.5 - missing functions: none
symbol engine: initialized successfully - sym options: 0x614 - pdb path: .;C:\Users\railt\.jdks\corretto-17.0.12\bin;C:\Windows\SYSTEM32;C:\Windows\WinSxS\amd64_microsoft.windows.common-controls_6595b64144ccf1df_6.0.19041.4355_none_60b8b9eb71f62e16;C:\Users\railt\.jdks\corretto-17.0.12\bin\server;C:\Users\railt\AppData\Local\Programs\IntelliJ IDEA Ultimate\bin

VM Arguments:
jvm_args: -XX:TieredStopAtLevel=1 -Dspring.output.ansi.enabled=always -Dcom.sun.management.jmxremote -Dspring.jmx.enabled=true -Dspring.liveBeansView.mbeanDomain -Dspring.application.admin.enabled=true -Dmanagement.endpoints.jmx.exposure.include=* -javaagent:C:\Users\railt\AppData\Local\Programs\IntelliJ IDEA Ultimate\lib\idea_rt.jar=60381:C:\Users\railt\AppData\Local\Programs\IntelliJ IDEA Ultimate\bin -Dfile.encoding=UTF-8 
java_command: com.muxengressos.engresso.EngressoApplication
java_class_path (initial): C:\Users\railt\Documents\Spring_Two\portalEgressos\egresso\target\classes;C:\Users\railt\.m2\repository\org\springframework\boot\spring-boot-starter-data-jpa\3.3.5\spring-boot-starter-data-jpa-3.3.5.jar;C:\Users\railt\.m2\repository\org\springframework\boot\spring-boot-starter-aop\3.3.5\spring-boot-starter-aop-3.3.5.jar;C:\Users\railt\.m2\repository\org\springframework\spring-aop\6.1.14\spring-aop-6.1.14.jar;C:\Users\railt\.m2\repository\org\aspectj\aspectjweaver\1.9.22.1\aspectjweaver-1.9.22.1.jar;C:\Users\railt\.m2\repository\org\springframework\boot\spring-boot-starter-jdbc\3.3.5\spring-boot-starter-jdbc-3.3.5.jar;C:\Users\railt\.m2\repository\com\zaxxer\HikariCP\5.1.0\HikariCP-5.1.0.jar;C:\Users\railt\.m2\repository\org\springframework\spring-jdbc\6.1.14\spring-jdbc-6.1.14.jar;C:\Users\railt\.m2\repository\org\hibernate\orm\hibernate-core\6.5.3.Final\hibernate-core-6.5.3.Final.jar;C:\Users\railt\.m2\repository\jakarta\persistence\jakarta.persistence-api\3.1.0\jakarta.persistence-api-3.1.0.jar;C:\Users\railt\.m2\repository\jakarta\transaction\jakarta.transaction-api\2.0.1\jakarta.transaction-api-2.0.1.jar;C:\Users\railt\.m2\repository\org\jboss\logging\jboss-logging\3.5.3.Final\jboss-logging-3.5.3.Final.jar;C:\Users\railt\.m2\repository\org\hibernate\common\hibernate-commons-annotations\6.0.6.Final\hibernate-commons-annotations-6.0.6.Final.jar;C:\Users\railt\.m2\repository\io\smallrye\jandex\3.1.2\jandex-3.1.2.jar;C:\Users\railt\.m2\repository\com\fasterxml\classmate\1.7.0\classmate-1.7.0.jar;C:\Users\railt\.m2\repository\net\bytebuddy\byte-buddy\1.14.19\byte-buddy-1.14.19.jar;C:\Users\railt\.m2\repository\org\glassfish\jaxb\jaxb-runtime\4.0.5\jaxb-runtime-4.0.5.jar;C:\Users\railt\.m2\repository\org\glassfish\jaxb\jaxb-core\4.0.5\jaxb-core-4.0.5.jar;C:\Users\railt\.m2\repository\org\eclipse\angus\angus-activation\2.0.2\angus-activation-2.0.2.jar;C:\Users\railt\.m2\repository\org\glassfish\jaxb\txw2\4.0.5\txw2-4.0.5.jar;C:\Users\railt\
Launcher Type: SUN_STANDARD

[Global flags]
     intx CICompilerCount                          = 4                                         {product} {ergonomic}
     uint ConcGCThreads                            = 2                                         {product} {ergonomic}
     uint G1ConcRefinementThreads                  = 8                                         {product} {ergonomic}
   size_t G1HeapRegionSize                         = 1048576                                   {product} {ergonomic}
    uintx GCDrainStackTargetSize                   = 64                                        {product} {ergonomic}
   size_t InitialHeapSize                          = 100663296                                 {product} {ergonomic}
     bool ManagementServer                         = true                                      {product} {command line}
   size_t MarkStackSize                            = 4194304                                   {product} {ergonomic}
   size_t MaxHeapSize                              = 1579155456                                {product} {ergonomic}
   size_t MaxNewSize                               = 946864128                                 {product} {ergonomic}
   size_t MinHeapDeltaBytes                        = 1048576                                   {product} {ergonomic}
   size_t MinHeapSize                              = 8388608                                   {product} {ergonomic}
    uintx NonProfiledCodeHeapSize                  = 0                                      {pd product} {ergonomic}
     bool ProfileInterpreter                       = false                                  {pd product} {command line}
    uintx ProfiledCodeHeapSize                     = 0                                      {pd product} {ergonomic}
   size_t SoftMaxHeapSize                          = 1579155456                             {manageable} {ergonomic}
     intx TieredStopAtLevel                        = 1                                         {product} {command line}
     bool UseCompressedClassPointers               = true                           {product lp64_product} {ergonomic}
     bool UseCompressedOops                        = true                           {product lp64_product} {ergonomic}
     bool UseG1GC                                  = true                                      {product} {ergonomic}
     bool UseLargePagesIndividualAllocation        = false                                  {pd product} {ergonomic}

Logging:
Log output configuration:
 #0: stdout all=warning uptime,level,tags
 #1: stderr all=off uptime,level,tags

Environment Variables:
JAVA_HOME=C:\Program Files\Java\jdk-18
PATH=C:\Program Files\Common Files\Oracle\Java\javapath;C:\Program Files (x86)\Common Files\Oracle\Java\java8path;C:\Program Files (x86)\Common Files\Oracle\Java\javapath;C:\ProgramData\Oracle\Java\javapath;C:\Windows\system32;C:\Windows;C:\Windows\System32\Wbem;C:\Windows\System32\WindowsPowerShell\v1.0\;C:\Windows\System32\OpenSSH\;C:\MinGW\bin;C:\Program Files\dotnet\;C:\Program Files\MySQL\MySQL Server 8.0\bin;C:\Program Files\Azure Data Studio\bin;C:\Windows\System32\Wbem;C:\Program Files\Docker\Docker\resources\bin;C:\Program Files\nodejs\;C:\Program Files (x86)\Microsoft SQL Server\160\Tools\Binn\;C:\Program Files\Microsoft SQL Server\160\Tools\Binn\;C:\Program Files\Microsoft SQL Server\Client SDK\ODBC\170\Tools\Binn\;C:\Program Files\Microsoft SQL Server\160\DTS\Binn\;C:\Maven\apache-maven-3.9.9\bin;C:\Program Files\MySQL\MySQL Shell 8.0\bin\;C:\Users\railt\AppData\Local\Microsoft\WindowsApps;C:\Users\railt\AppData\Local\Programs\Microsoft VS Code\bin;C:\Users\railt\.dotnet\tools;C:\Program Files\Java\jdk-18\bin;C:\Users\railt\AppData\Roaming\npm;C:\Users\railt\AppData\Local\JetBrains\Toolbox\scripts;C:\Users\railt\AppData\Local\Programs\mongosh\
USERNAME=railt
OS=Windows_NT
PROCESSOR_IDENTIFIER=AMD64 Family 23 Model 24 Stepping 1, AuthenticAMD
TMP=C:\Users\railt\AppData\Local\Temp
TEMP=C:\Users\railt\AppData\Local\Temp



Periodic native trim disabled


---------------  S Y S T E M  ---------------

OS:
 Windows 10 , 64 bit Build 19041 (10.0.19041.4957)
OS uptime: 0 days 13:34 hours
Hyper-V role detected

CPU: total 8 (initial active 8) (8 cores per cpu, 2 threads per core) family 23 model 24 stepping 1 microcode 0x0, cx8, cmov, fxsr, ht, mmx, 3dnowpref, sse, sse2, sse3, ssse3, sse4a, sse4.1, sse4.2, popcnt, lzcnt, tsc, tscinvbit, avx, avx2, aes, clmul, bmi1, bmi2, adx, sha, fma, vzeroupper, clflush, clflushopt, hv
Processor Information for all 8 processors :
  Max Mhz: 2100, Current Mhz: 2100, Mhz Limit: 2100

Memory: 4k page, system-wide physical 6020M (315M free)
TotalPageFile size 16172M (AvailPageFile size 0M)
current process WorkingSet (physical memory assigned to process): 124M, peak: 124M
current process commit charge ("private bytes"): 212M, peak: 212M

vm_info: OpenJDK 64-Bit Server VM (17.0.12+7-LTS) for windows-amd64 JRE (17.0.12+7-LTS), built on Jul 10 2024 20:46:33 by "Administrator" with MS VC++ 16.10 / 16.11 (VS2019)

END.
